Execution Time:131.05060267448425s 

###### Info about  CDF Range Analysis with FPPM #######:

Starting range analysis from: -18.435915490297585


Range: [-18.435915490297585,-7.493576703133602] contains 25.0% of the distribution.

Range: [-18.435915490297585,-5.259105118967984] contains 50.0% of the distribution.

Range: [-18.435915490297585,-3.878990316983341] contains 75.0% of the distribution.

Range: [-18.435915490297585,-3.3203724209419514] contains 85.0% of the distribution.

Range: [-18.435915490297585,-2.6631748961873756] contains 95.0% of the distribution.

Range: [-18.435915490297585,-2.26885638133463] contains 99.0% of the distribution.

Range: [-18.435915490297585,-2.0059773714331186] contains 99.99% of the distribution.

Range: [-18.435915490297585,-2.0059773714331186] contains 100% of the distribution.

###########################################

##### DISTANCE MEASURES ######

CDF Measure Distances Range Analysis
Variational Distance - Golden -> DistrPM : 0.007011479315759406
Variational Distance - Golden -> PM : 0.014771267049954462
Variational Distance - Golden -> Sampling : 0.017099132658758398
AVG Variational Distance - Golden -> DistrPM : 0.0022207473784834576
AVG Variational Distance - Golden -> PM : 0.0021163950569927357
AVG Variational Distance - Golden -> Sampling : 0.002502127949737088
KL Distance - Golden -> DistrPM : 1.4976067519849399e-05
KL Distance - Golden -> PM : 4.734888956601901e-05
KL Distance - Golden -> Sampling : inf
WSS Distance - Golden -> DistrPM : 0.002220747378483458
WSS Distance - Golden -> PM : 0.002116395056992735
WSS Distance - Golden -> Sampling : 0.0025021279497370887
##################################

###### Info about CDF Error Analysis with FPPM#######:

Starting range analysis from: 0.0


Range: [0.0,1.1984644086737707e-07] contains 25.0% of the distribution.

Range: [0.0,2.673497527041488e-07] contains 50.0% of the distribution.

Range: [0.0,5.208710699236001e-07] contains 75.0% of the distribution.

Range: [0.0,7.236881236991612e-07] contains 85.0% of the distribution.

Range: [0.0,1.193854930178871e-06] contains 95.0% of the distribution.

Range: [0.0,1.8898861829086374e-06] contains 99.0% of the distribution.

Range: [0.0,3.6414880109703013e-06] contains 99.99% of the distribution.

Range: [0.0,4.609478494899122e-06] contains 100% of the distribution.

###########################################

##### DISTANCE MEASURES ######

Measure Distances Abs Error Analysis


Variational Distance - Golden -> DistrPM : 0.02400593845440535
Variational Distance - Golden -> PM : 0.022362022851416197
Variational Distance - Golden -> Sampling : 0.020818553125092364
AVG Variational Distance - Golden -> DistrPM : 0.006643960852077019
AVG Variational Distance - Golden -> PM : 0.005546075770216321
AVG Variational Distance - Golden -> Sampling : 0.0007689586021851592
KL Distance - Golden -> DistrPM : 0.00012568063929264657
KL Distance - Golden -> PM : 5.267032336568004e-05
KL Distance - Golden -> Sampling : 2.7003419659601448e-05
WSS Distance - Golden -> DistrPM : 0.006643960852077018
WSS Distance - Golden -> PM : 0.005546075770216322
WSS Distance - Golden -> Sampling : 0.000768958602185159
##################################

