Execution Time:11.302312850952148s 

###### Info about PDF Range Analysis with PAF with gaps: 1000#######:

Starting range analysis from: 0.37210941147394205


Range: [0.0,1.3721094710785868] contains 25.0% of the distribution.

Range: [0.0,1.3721094710785868] contains 50.0% of the distribution.

Range: [0.0,1000.0000596046448] contains 75.0% of the distribution.

Range: [0.0,1000.0000596046448] contains 85.0% of the distribution.

Range: [0.0,1000.0000596046448] contains 95.0% of the distribution.

Range: [0.0,1000.0000596046448] contains 99.0% of the distribution.

Range: [0.0,1000.0000596046448] contains 99.99% of the distribution.

Range: [0.0,1000.0000596046448] contains 100% of the distribution.

###########################################

##### DISTANCE MEASURES ######

PDF Measure Distances Range Analysis
Variational Distance - Golden -> paf : 0.9189898082924142
Variational Distance - Golden -> Sampling : 0.08101020595970061
AVG Variational Distance - Golden -> paf : 0.006171768013869325
AVG Variational Distance - Golden -> Sampling : 0.001862343347961596
KL Distance - Golden -> paf : 6.201204376710919
KL Distance - Golden -> Sampling : inf
WSS Distance - Golden -> paf : 0.006171768013868559
WSS Distance - Golden -> Sampling : 0.0017384364325996424
##################################

