Execution Time:95.68594479560852s 

###### Info about Range Analysis on Round(distr) with 1000 bins#######:

Mode of the distribution: 3.533304872885177


Range: [3.16255651841302,3.9040532273573336] contains 25.0% of the distribution.

Range: [2.7388441133019836,4.327765632468384] contains 50.0% of the distribution.

Range: [1.9443833537187891,5.12222639205161] contains 75.0% of the distribution.

Range: [1.1922938346466838,5.874315911123731] contains 85.0% of the distribution.

Range: [0.7341753496735336,7.4102733796513025] contains 95.0% of the distribution.

Range: [0.7341753496735336,8.999194898817672] contains 99.0% of the distribution.

Range: [0.7341753496735336,10.821158240795052] contains 99.99% of the distribution.

Range: [0.7341753496735336,11.326985477449579] contains 100% of the distribution.

###########################################

##### DISTANCE MEASURES ######

Measure Distances Range Analysis
Variational Distance - Golden -> DistrPM : 0.0171133620360355
Variational Distance - Golden -> PM : 0.020886980364278662
Variational Distance - Golden -> Sampling : 0.028172680132506844
AVG Variational Distance - Golden -> DistrPM : 0.0022490251483441056
AVG Variational Distance - Golden -> PM : 0.002064876445465315
AVG Variational Distance - Golden -> Sampling : 0.00241607146278145
KL Distance - Golden -> DistrPM : inf
KL Distance - Golden -> PM : inf
KL Distance - Golden -> Sampling : inf
WSS Distance - Golden -> DistrPM : 0.0016794123015568708
WSS Distance - Golden -> PM : 0.0012180745273139152
WSS Distance - Golden -> Sampling : 0.0013606290617523707
######################################## Info about Abs Error Distribution#######:

Mode of the distribution: 5.598393122927418e-15


Range: [0.0,7.378698868197221e-08] contains 25.0% of the distribution.

Range: [0.0,1.5850537666682226e-07] contains 50.0% of the distribution.

Range: [0.0,2.9241508670739166e-07] contains 75.0% of the distribution.

Range: [0.0,3.962634332694659e-07] contains 85.0% of the distribution.

Range: [0.0,6.422200435480659e-07] contains 95.0% of the distribution.

Range: [0.0,1.0740105371482776e-06] contains 99.0% of the distribution.

Range: [0.0,2.1425553662475358e-06] contains 99.99% of the distribution.

Range: [0.0,2.732851225317745e-06] contains 100% of the distribution.

###########################################

###### Info about Golden with num. bins: 1162#######:

Mode of the sampling distribution: 8.881784197001252e-16


Range: [8.881784197001252e-16,6.533430649579775e-08] contains 25.0% of the distribution.

Range: [8.881784197001252e-16,1.415576630380203e-07] contains 50.0% of the distribution.

Range: [8.881784197001252e-16,2.6351503350557634e-07] contains 75.0% of the distribution.

Range: [8.881784197001252e-16,3.593386817300847e-07] contains 85.0% of the distribution.

Range: [8.881784197001252e-16,5.662306494875459e-07] contains 95.0% of the distribution.

Range: [8.881784197001252e-16,8.863687469648806e-07] contains 99.0% of the distribution.

Range: [8.881784197001252e-16,1.770559682854662e-06] contains 99.99% of the distribution.

Range: [8.881784197001252e-16,2.530615438089967e-06] contains 100% of the distribution.

###########################################

###### Info about Sampling with num. bins: 305#######:

Mode of the sampling distribution: 8.199663170671556e-12


Range: [8.199663170671556e-12,6.643661149670696e-08] contains 25.0% of the distribution.

Range: [8.199663170671556e-12,1.4024595797841395e-07] contains 50.0% of the distribution.

Range: [8.199663170671556e-12,2.657218469973158e-07] contains 75.0% of the distribution.

Range: [8.199663170671556e-12,3.6167399742353487e-07] contains 85.0% of the distribution.

Range: [8.199663170671556e-12,5.683401675723145e-07] contains 95.0% of the distribution.

Range: [8.199663170671556e-12,8.857203574436545e-07] contains 99.0% of the distribution.

Range: [8.199663170671556e-12,1.7640515805759675e-06] contains 99.99% of the distribution.

Range: [8.199663170671556e-12,2.2511932673552337e-06] contains 100% of the distribution.

###########################################

###### Info about PM with num. bins: 394#######:

Mode of the sampling distribution: 9.49684775264359e-13


Range: [9.49684775264359e-13,7.62988000197059e-08] contains 25.0% of the distribution.

Range: [9.49684775264359e-13,1.5953281856690296e-07] contains 50.0% of the distribution.

Range: [9.49684775264359e-13,2.913200145999649e-07] contains 75.0% of the distribution.

Range: [9.49684775264359e-13,3.9536253778396124e-07] contains 85.0% of the distribution.

Range: [9.49684775264359e-13,6.450645934255524e-07] contains 95.0% of the distribution.

Range: [9.49684775264359e-13,1.0542985179492713e-06] contains 99.0% of the distribution.

Range: [9.49684775264359e-13,2.1224684226383e-06] contains 99.99% of the distribution.

Range: [9.49684775264359e-13,2.732851225317745e-06] contains 100% of the distribution.

###########################################

##### DISTANCE MEASURES ######

Measure Distances Abs error
Variational Distance - Golden -> DistrPM : 495641.1869213511
Variational Distance - Golden -> PM : 4072163.6732023936
Variational Distance - Golden -> Sampling : 4072163.6732023936
AVG Variational Distance - Golden -> DistrPM : 37631.271808022815
AVG Variational Distance - Golden -> PM : 40298.58880978593
AVG Variational Distance - Golden -> Sampling : 12530.691516540073
KL Distance - Golden -> DistrPM : 0.008446726615621179
KL Distance - Golden -> PM : inf
KL Distance - Golden -> Sampling : inf
WSS Distance - Golden -> DistrPM : 37628.279305882585
WSS Distance - Golden -> PM : 36291.84387944698
WSS Distance - Golden -> Sampling : 7029.674759565495
##################################