Execution Time:47.95835518836975s 

###### Info about PDF Range Analysis with FPPM with gaps: 1000#######:

Starting range analysis from: 4027.826660668525


Range: [3897.9586824683324,4157.694638868721] contains 25.0% of the distribution.

Range: [3759.9739556306276,4295.679365706434] contains 50.0% of the distribution.

Range: [3565.1719883303385,4490.481333006734] contains 75.0% of the distribution.

Range: [3419.0705128551217,4636.582808481959] contains 85.0% of the distribution.

Range: [3102.517315992152,4953.136005344946] contains 95.0% of the distribution.

Range: [2721.0301300290857,5334.623191308034] contains 99.0% of the distribution.

Range: [1885.005020365345,5443.88224993658] contains 99.99% of the distribution.

Range: [-2672.866387575509,5443.88224993658] contains 100% of the distribution.

###########################################

##### DISTANCE MEASURES ######

PDF Measure Distances Range Analysis
Variational Distance - Golden -> DistrPM : 2.429901256534425e-05
Variational Distance - Golden -> PM : 5.2079425180343204e-05
Variational Distance - Golden -> Sampling : 0.00014085875697368154
AVG Variational Distance - Golden -> DistrPM : 3.220721665175944e-06
AVG Variational Distance - Golden -> PM : 5.59720988379593e-06
AVG Variational Distance - Golden -> Sampling : 1.3805865229915307e-05
KL Distance - Golden -> DistrPM : 0.00022666701483458783
KL Distance - Golden -> PM : inf
KL Distance - Golden -> Sampling : inf
WSS Distance - Golden -> DistrPM : 1.6449655762409758e-06
WSS Distance - Golden -> PM : 3.14174401394096e-06
WSS Distance - Golden -> Sampling : 1.04074043594222e-05
##################################

###### Info about PDF Error Analysis with FPPM#######:

Starting range analysis from: 0.0


Range: [0.0,0.00011846048350525996] contains 25.0% of the distribution.

Range: [0.0,0.00019724245554516594] contains 50.0% of the distribution.

Range: [0.0,0.000274874325803466] contains 75.0% of the distribution.

Range: [0.0,0.0003093773792515984] contains 85.0% of the distribution.

Range: [0.0,0.00035883175586058814] contains 95.0% of the distribution.

Range: [0.0,0.0004088611833603801] contains 99.0% of the distribution.

Range: [0.0,0.0005227212597392202] contains 99.99% of the distribution.

Range: [0.0,0.0005750508908022312] contains 100% of the distribution.

###########################################

##### DISTANCE MEASURES ######

PDF Measure Distances Abs Error

Variational Distance - Golden -> DistrPM : 488.58656330847543
Variational Distance - Golden -> PM : 1592.831008386674
Variational Distance - Golden -> Sampling : 1592.831008386674
AVG Variational Distance - Golden -> DistrPM : 131.92398745674487
AVG Variational Distance - Golden -> PM : 136.97269894228626
AVG Variational Distance - Golden -> Sampling : 79.54415278084791
KL Distance - Golden -> DistrPM : inf
KL Distance - Golden -> PM : inf
KL Distance - Golden -> Sampling : inf
WSS Distance - Golden -> DistrPM : 114.28992020294426
WSS Distance - Golden -> PM : 118.65163276765003
WSS Distance - Golden -> Sampling : 44.761349275900656
##################################

