Execution Time:116.18097448348999s 

###### Info about Range Analysis on Round(distr) with 1000 bins#######:

Mode of the distribution: 2.5808591086135757


Range: [2.4686045080277714,2.69311370919938] contains 25.0% of the distribution.

Range: [2.3438771740435445,2.817841043183607] contains 50.0% of the distribution.

Range: [2.1609437508666782,3.000774466360473] contains 75.0% of the distribution.

Range: [2.011270950085606,3.1504472671415455] contains 85.0% of the distribution.

Range: [1.6620344149297521,3.499683802297381] contains 95.0% of the distribution.

Range: [1.5980579052043598,3.9195991600442786] contains 99.0% of the distribution.

Range: [1.5980579052043598,4.855054164925981] contains 99.99% of the distribution.

Range: [1.5980579052043598,5.755635704678775] contains 100% of the distribution.

###########################################

##### DISTANCE MEASURES ######

Measure Distances Range Analysis
Variational Distance - Golden -> DistrPM : 0.0661211802087529
Variational Distance - Golden -> PM : 0.06399649626168225
Variational Distance - Golden -> Sampling : 0.1436681916354332
AVG Variational Distance - Golden -> DistrPM : 0.007697090263371765
AVG Variational Distance - Golden -> PM : 0.0062124032754808135
AVG Variational Distance - Golden -> Sampling : 0.011303316409367785
KL Distance - Golden -> DistrPM : inf
KL Distance - Golden -> PM : inf
KL Distance - Golden -> Sampling : inf
WSS Distance - Golden -> DistrPM : 0.004414098623278821
WSS Distance - Golden -> PM : 0.003582250944708316
WSS Distance - Golden -> Sampling : 0.006753346120766847
######################################## Info about Abs Error Distribution#######:

Mode of the distribution: 1.9863612344136123e-08


Range: [0.0,4.3568635873133206e-08] contains 25.0% of the distribution.

Range: [0.0,9.343092674447172e-08] contains 50.0% of the distribution.

Range: [0.0,1.5800668049587778e-07] contains 75.0% of the distribution.

Range: [0.0,1.9805999611383877e-07] contains 85.0% of the distribution.

Range: [0.0,2.699924813052789e-07] contains 95.0% of the distribution.

Range: [0.0,3.680822338390609e-07] contains 99.0% of the distribution.

Range: [0.0,6.533599307914654e-07] contains 99.99% of the distribution.

Range: [0.0,8.174146044481745e-07] contains 100% of the distribution.

###########################################

###### Info about Golden with num. bins: 465#######:

Mode of the sampling distribution: 3.9671502250524105e-09


Range: [7.460698725481052e-14,3.7687292978606233e-08] contains 25.0% of the distribution.

Range: [7.460698725481052e-14,7.934158696829038e-08] contains 50.0% of the distribution.

Range: [7.460698725481052e-14,1.3488064562120254e-07] contains 75.0% of the distribution.

Range: [7.460698725481052e-14,1.666172505657238e-07] contains 85.0% of the distribution.

Range: [7.460698725481052e-14,2.2215630921863596e-07] contains 95.0% of the distribution.

Range: [7.460698725481052e-14,3.1538258624316714e-07] contains 99.0% of the distribution.

Range: [7.460698725481052e-14,6.148967954070864e-07] contains 99.99% of the distribution.

Range: [7.460698725481052e-14,9.22345155807136e-07] contains 100% of the distribution.

###########################################

###### Info about Sampling with num. bins: 97#######:

Mode of the sampling distribution: 1.0328626842692756e-11


Range: [1.0328626842692756e-11,3.741708645556156e-08] contains 25.0% of the distribution.

Range: [1.0328626842692756e-11,8.105830392240024e-08] contains 50.0% of the distribution.

Range: [1.0328626842692756e-11,1.3716844066547856e-07] contains 75.0% of the distribution.

Range: [1.0328626842692756e-11,1.683407388560776e-07] contains 85.0% of the distribution.

Range: [1.0328626842692756e-11,2.2445087559915593e-07] contains 95.0% of the distribution.

Range: [1.0328626842692756e-11,3.179677701709531e-07] contains 99.0% of the distribution.

Range: [1.0328626842692756e-11,5.735806153338654e-07] contains 99.99% of the distribution.

Range: [1.0328626842692756e-11,6.047529135244645e-07] contains 100% of the distribution.

###########################################

###### Info about PM with num. bins: 227#######:

Mode of the sampling distribution: 2.1606659421987897e-08


Range: [1.013855666087693e-12,4.681324591603001e-08] contains 25.0% of the distribution.

Range: [1.013855666087693e-12,9.362547797639393e-08] contains 50.0% of the distribution.

Range: [1.013855666087693e-12,1.5844241467535936e-07] contains 75.0% of the distribution.

Range: [1.013855666087693e-12,1.9805276488028267e-07] contains 85.0% of the distribution.

Range: [1.013855666087693e-12,2.73672524362409e-07] contains 95.0% of the distribution.

Range: [1.013855666087693e-12,3.708979294108571e-07] contains 99.0% of the distribution.

Range: [1.013855666087693e-12,6.553722627007609e-07] contains 99.99% of the distribution.

Range: [1.013855666087693e-12,8.174146044481745e-07] contains 100% of the distribution.

###########################################

##### DISTANCE MEASURES ######

Measure Distances Abs error
Variational Distance - Golden -> DistrPM : 1337986.4871201701
Variational Distance - Golden -> PM : 6966698.946257104
Variational Distance - Golden -> Sampling : 6966698.946257104
AVG Variational Distance - Golden -> DistrPM : 172965.81345603737
AVG Variational Distance - Golden -> PM : 184442.6261726845
AVG Variational Distance - Golden -> Sampling : 50463.37747441349
KL Distance - Golden -> DistrPM : inf
KL Distance - Golden -> PM : inf
KL Distance - Golden -> Sampling : inf
WSS Distance - Golden -> DistrPM : 172633.40226684534
WSS Distance - Golden -> PM : 168744.83438098052
WSS Distance - Golden -> Sampling : 27775.628304797898
##################################