Execution Time:79.1906361579895s 

###### Info about Range Analysis on Round(distr) with 1000 bins#######:

Mode of the distribution: -0.060517030639927256


Range: [-0.06064857627889819,-0.06038548500095632] contains 25.0% of the distribution.

Range: [-0.06079515570518009,-0.06023890557467442] contains 50.0% of the distribution.

Range: [-0.060990594940222624,-0.06004346633963189] contains 75.0% of the distribution.

Range: [-0.061107106791882596,-0.05992695448797192] contains 85.0% of the distribution.

Range: [-0.06132133826106383,-0.05971272301879068] contains 95.0% of the distribution.

Range: [-0.061588187985833445,-0.05944587329402107] contains 99.0% of the distribution.

Range: [-0.06221209015923845,-0.05882197112061606] contains 99.99% of the distribution.

Range: [-0.06253728432465724,-0.058778837496919104] contains 100% of the distribution.

###########################################

##### DISTANCE MEASURES ######

Measure Distances Range Analysis
Variational Distance - Golden -> DistrPM : 52.46019195870508
Variational Distance - Golden -> PM : 44.34564239039344
Variational Distance - Golden -> Sampling : 89.89773373314381
AVG Variational Distance - Golden -> DistrPM : 5.944505134919722
AVG Variational Distance - Golden -> PM : 5.995527163459558
AVG Variational Distance - Golden -> Sampling : 10.841359685045495
KL Distance - Golden -> DistrPM : inf
KL Distance - Golden -> PM : inf
KL Distance - Golden -> Sampling : inf
WSS Distance - Golden -> DistrPM : 3.6190849256786883
WSS Distance - Golden -> PM : 3.058302067083997
WSS Distance - Golden -> Sampling : 6.9763284049844465
######################################## Info about Abs Error Distribution#######:

Mode of the distribution: 6.170124494650382e-10


Range: [0.0,1.5770092925887404e-09] contains 25.0% of the distribution.

Range: [0.0,3.3010852557496596e-09] contains 50.0% of the distribution.

Range: [0.0,5.5933226158613325e-09] contains 75.0% of the distribution.

Range: [0.0,6.94515490515796e-09] contains 85.0% of the distribution.

Range: [0.0,9.335351126812868e-09] contains 95.0% of the distribution.

Range: [0.0,1.2019423933097476e-08] contains 99.0% of the distribution.

Range: [0.0,1.6838999921024745e-08] contains 99.99% of the distribution.

Range: [0.0,1.959177230864695e-08] contains 100% of the distribution.

###########################################

###### Info about Golden with num. bins: 212#######:

Mode of the sampling distribution: 5.560121406462817e-10


Range: [1.1796119636642288e-15,1.588603925424301e-09] contains 25.0% of the distribution.

Range: [1.1796119636642288e-15,3.336066945817872e-09] contains 50.0% of the distribution.

Range: [1.1796119636642288e-15,5.480680652664528e-09] contains 75.0% of the distribution.

Range: [1.1796119636642288e-15,6.7515628493143974e-09] contains 85.0% of the distribution.

Range: [1.1796119636642288e-15,8.896176556161053e-09] contains 95.0% of the distribution.

Range: [1.1796119636642288e-15,1.1199650537588942e-08] contains 99.0% of the distribution.

Range: [1.1796119636642288e-15,1.5171157402119784e-08] contains 99.99% of the distribution.

Range: [1.1796119636642288e-15,1.6839190285222738e-08] contains 100% of the distribution.

###########################################

###### Info about Sampling with num. bins: 58#######:

Mode of the sampling distribution: 2.813784169744442e-10


Range: [3.7452679846339265e-13,1.6863978678543482e-09] contains 25.0% of the distribution.

Range: [3.7452679846339265e-13,3.372421208910233e-09] contains 50.0% of the distribution.

Range: [3.7452679846339265e-13,5.620452330318079e-09] contains 75.0% of the distribution.

Range: [3.7452679846339265e-13,6.744467891022003e-09] contains 85.0% of the distribution.

Range: [3.7452679846339265e-13,8.992499012429848e-09] contains 95.0% of the distribution.

Range: [3.7452679846339265e-13,1.1240530133837694e-08] contains 99.0% of the distribution.

Range: [3.7452679846339265e-13,1.5455588486477406e-08] contains 99.99% of the distribution.

Range: [3.7452679846339265e-13,1.629860015700535e-08] contains 100% of the distribution.

###########################################

###### Info about PM with num. bins: 154#######:

Mode of the sampling distribution: 7.633483134015153e-10


Range: [3.382710778154774e-14,1.6538818807442047e-09] contains 25.0% of the distribution.

Range: [3.382710778154774e-14,3.3077299343806278e-09] contains 50.0% of the distribution.

Range: [3.382710778154774e-14,5.59767339326183e-09] contains 75.0% of the distribution.

Range: [3.382710778154774e-14,6.997083284800341e-09] contains 85.0% of the distribution.

Range: [3.382710778154774e-14,9.414245824730498e-09] contains 95.0% of the distribution.

Range: [3.382710778154774e-14,1.2085846526758567e-08] contains 99.0% of the distribution.

Range: [3.382710778154774e-14,1.692017160661888e-08] contains 99.99% of the distribution.

Range: [3.382710778154774e-14,1.959177230864695e-08] contains 100% of the distribution.

###########################################

##### DISTANCE MEASURES ######

Measure Distances Abs error
Variational Distance - Golden -> DistrPM : 5790438.301774055
Variational Distance - Golden -> PM : 162829955.2758809
Variational Distance - Golden -> Sampling : 162829955.2758809
AVG Variational Distance - Golden -> DistrPM : 1912420.3247031823
AVG Variational Distance - Golden -> PM : 2766980.148454651
AVG Variational Distance - Golden -> Sampling : 2681921.79882129
KL Distance - Golden -> DistrPM : 0.0034295458744976626
KL Distance - Golden -> PM : inf
KL Distance - Golden -> Sampling : inf
WSS Distance - Golden -> DistrPM : 1806518.7543975252
WSS Distance - Golden -> PM : 1944241.8428405388
WSS Distance - Golden -> Sampling : 1540751.0342643962
##################################