Execution Time:72.26879239082336s 

###### Info about Range Analysis on Round(distr) with 1000 bins#######:

Mode of the distribution: 279.61676696478696


Range: [244.87890214702037,489.66517940213106] contains 25.0% of the distribution.

Range: [244.87890214702037,844.452834023202] contains 50.0% of the distribution.

Range: [244.87890214702037,1342.2146181184366] contains 75.0% of the distribution.

Range: [244.87890214702037,1587.565284746939] contains 85.0% of the distribution.

Range: [244.87890214702037,1861.1577547283623] contains 95.0% of the distribution.

Range: [244.87890214702037,1975.8900808496044] contains 99.0% of the distribution.

Range: [244.87890214702037,2009.9916117045498] contains 99.99% of the distribution.

Range: [244.87890214702037,2009.9916117045498] contains 100% of the distribution.

###########################################

##### DISTANCE MEASURES ######

Measure Distances Range Analysis
Variational Distance - Golden -> DistrPM : 0.0007861204673933452
Variational Distance - Golden -> PM : 0.0007861204673933452
Variational Distance - Golden -> Sampling : 0.0007861204673933452
AVG Variational Distance - Golden -> DistrPM : 1.7540900589847073e-05
AVG Variational Distance - Golden -> PM : 1.600151017903255e-05
AVG Variational Distance - Golden -> Sampling : 1.8448259624254055e-05
KL Distance - Golden -> DistrPM : inf
KL Distance - Golden -> PM : inf
KL Distance - Golden -> Sampling : inf
WSS Distance - Golden -> DistrPM : 9.02713537032391e-06
WSS Distance - Golden -> PM : 9.061158466933903e-06
WSS Distance - Golden -> Sampling : 1.042018257708523e-05
######################################## Info about Abs Error Distribution#######:

Mode of the distribution: 4.74342567863543e-13


Range: [0.0,2.1615144902894082e-05] contains 25.0% of the distribution.

Range: [0.0,4.7903834072754086e-05] contains 50.0% of the distribution.

Range: [0.0,9.580766767116564e-05] contains 75.0% of the distribution.

Range: [0.0,0.00013261183250896965] contains 85.0% of the distribution.

Range: [0.0,0.00020914112764789544] contains 95.0% of the distribution.

Range: [0.0,0.0003043646017520522] contains 99.0% of the distribution.

Range: [0.0,0.0005053270256283076] contains 99.99% of the distribution.

Range: [0.0,0.0005841930926635541] contains 100% of the distribution.

###########################################

###### Info about Golden with num. bins: 562#######:

Mode of the sampling distribution: 2.7287752261575686e-06


Range: [8.026290743146092e-11,2.182963996890853e-05] contains 25.0% of the distribution.

Range: [8.026290743146092e-11,4.729745962590981e-05] contains 50.0% of the distribution.

Range: [8.026290743146092e-11,0.00010005222891541246] contains 75.0% of the distribution.

Range: [8.026290743146092e-11,0.00015098786822941504] contains 85.0% of the distribution.

Range: [8.026290743146092e-11,0.00023648697707791933] contains 95.0% of the distribution.

Range: [8.026290743146092e-11,0.0003147095660244233] contains 99.0% of the distribution.

Range: [8.026290743146092e-11,0.00043841040435842947] contains 99.99% of the distribution.

Range: [8.026290743146092e-11,0.0005111756033784332] contains 100% of the distribution.

###########################################

###### Info about Sampling with num. bins: 138#######:

Mode of the sampling distribution: 3.3286542844322957e-06


Range: [7.087237463565543e-10,2.329632764854793e-05] contains 25.0% of the distribution.

Range: [7.087237463565543e-10,4.991989213403544e-05] contains 50.0% of the distribution.

Range: [7.087237463565543e-10,9.983907554432453e-05] contains 75.0% of the distribution.

Range: [7.087237463565543e-10,0.0001497582589546136] contains 85.0% of the distribution.

Range: [7.087237463565543e-10,0.00023961278909313398] contains 95.0% of the distribution.

Range: [7.087237463565543e-10,0.00031615553698891057] contains 99.0% of the distribution.

Range: [7.087237463565543e-10,0.0004392895227342903] contains 99.99% of the distribution.

Range: [7.087237463565543e-10,0.000459257196098406] contains 100% of the distribution.

###########################################

###### Info about PM with num. bins: 244#######:

Mode of the sampling distribution: 6.855316314613447e-11


Range: [6.855316314613447e-11,2.1548171901497242e-05] contains 25.0% of the distribution.

Range: [6.855316314613447e-11,5.02789763659427e-05] contains 50.0% of the distribution.

Range: [6.855316314613447e-11,9.81636504733518e-05] contains 75.0% of the distribution.

Range: [6.855316314613447e-11,0.00013407715605390862] contains 85.0% of the distribution.

Range: [6.855316314613447e-11,0.00021308686833113364] contains 95.0% of the distribution.

Range: [6.855316314613447e-11,0.00030885621654595184] contains 99.0% of the distribution.

Range: [6.855316314613447e-11,0.0004932122118594768] contains 99.99% of the distribution.

Range: [6.855316314613447e-11,0.0005841930926635541] contains 100% of the distribution.

###########################################

##### DISTANCE MEASURES ######

Measure Distances Abs error
Variational Distance - Golden -> DistrPM : 733.9903142785042
Variational Distance - Golden -> PM : 847.7912412866567
Variational Distance - Golden -> Sampling : 12004.940575092889
AVG Variational Distance - Golden -> DistrPM : 173.62285709969504
AVG Variational Distance - Golden -> PM : 176.30163372439057
AVG Variational Distance - Golden -> Sampling : 73.71291595420246
KL Distance - Golden -> DistrPM : 0.010828798184969728
KL Distance - Golden -> PM : inf
KL Distance - Golden -> Sampling : inf
WSS Distance - Golden -> DistrPM : 173.41576953346132
WSS Distance - Golden -> PM : 174.3411036503661
WSS Distance - Golden -> Sampling : 39.880041107582365
##################################