Execution Time:50.05231070518494s 

###### Info about PDF Range Analysis with FPPM with gaps: 1000#######:

Starting range analysis from: 0.16667348744555038


Range: [0.16667339477111373,0.35267102154220575] contains 25.0% of the distribution.

Range: [0.16667339477111373,0.5141688804487127] contains 50.0% of the distribution.

Range: [0.16667339477111373,0.6251674088612232] contains 75.0% of the distribution.

Range: [0.16667339477111373,0.6511670641650545] contains 85.0% of the distribution.

Range: [0.16667339477111373,0.6631669050745151] contains 95.0% of the distribution.

Range: [0.16667339477111373,0.6661668653018803] contains 99.0% of the distribution.

Range: [0.16667339477111373,0.6666667659986697] contains 99.99% of the distribution.

Range: [0.16667339477111373,0.6666667659986697] contains 100% of the distribution.

###########################################

##### DISTANCE MEASURES ######

PDF Measure Distances Range Analysis
Variational Distance - Golden -> DistrPM : 8.351029254327223
Variational Distance - Golden -> PM : 7.613199449774351
Variational Distance - Golden -> Sampling : 11.770744218228128
AVG Variational Distance - Golden -> DistrPM : 0.18964885442208101
AVG Variational Distance - Golden -> PM : 0.13187388409254283
AVG Variational Distance - Golden -> Sampling : 0.19994576161989608
KL Distance - Golden -> DistrPM : inf
KL Distance - Golden -> PM : inf
KL Distance - Golden -> Sampling : inf
WSS Distance - Golden -> DistrPM : 0.12592996789621208
WSS Distance - Golden -> PM : 0.12563818841353866
WSS Distance - Golden -> Sampling : 0.18825377940142615
##################################

###### Info about PDF Error Analysis with FPPM#######:

Starting range analysis from: 0.0


Range: [0.0,9.417067857175881e-09] contains 25.0% of the distribution.

Range: [0.0,1.9665053466455513e-08] contains 50.0% of the distribution.

Range: [0.0,3.295973750011565e-08] contains 75.0% of the distribution.

Range: [0.0,4.0853456145101504e-08] contains 85.0% of the distribution.

Range: [0.0,5.4148140178761884e-08] contains 95.0% of the distribution.

Range: [0.0,6.868920084057792e-08] contains 99.0% of the distribution.

Range: [0.0,1.0788082148147258e-07] contains 99.99% of the distribution.

Range: [0.0,1.3848629201729246e-07] contains 100% of the distribution.

###########################################

##### DISTANCE MEASURES ######

PDF Measure Distances Abs Error

Variational Distance - Golden -> DistrPM : 1469081.7381592654
Variational Distance - Golden -> PM : 26803655.647705447
Variational Distance - Golden -> Sampling : 26803655.647705447
AVG Variational Distance - Golden -> DistrPM : 343256.6864606554
AVG Variational Distance - Golden -> PM : 407905.78218244837
AVG Variational Distance - Golden -> Sampling : 346137.7539904978
KL Distance - Golden -> DistrPM : 0.002734091553493943
KL Distance - Golden -> PM : inf
KL Distance - Golden -> Sampling : inf
WSS Distance - Golden -> DistrPM : 328259.9058057826
WSS Distance - Golden -> PM : 323616.1724738228
WSS Distance - Golden -> Sampling : 206037.58136158923
##################################

