Execution Time:20.91615891456604s 

###### Info about Range Analysis on Round(distr) with 1000 bins#######:

Mode of the distribution: 0.0007449450300103208


Range: [2.5998674299953323e-18,0.005244878642474566] contains 25.0% of the distribution.

Range: [2.5998674299953323e-18,0.02974451719922424] contains 50.0% of the distribution.

Range: [2.5998674299953323e-18,0.0809104290150219] contains 75.0% of the distribution.

Range: [2.5998674299953323e-18,0.11040999380784415] contains 85.0% of the distribution.

Range: [2.5998674299953323e-18,0.1462427984996886] contains 95.0% of the distribution.

Range: [2.5998674299953323e-18,0.16257589087085436] contains 99.0% of the distribution.

Range: [2.5998674299953323e-18,0.1666642078690461] contains 99.99% of the distribution.

Range: [2.5998674299953323e-18,0.1666642078690461] contains 100% of the distribution.

###########################################

##### DISTANCE MEASURES ######

Measure Distances Range Analysis
Variational Distance - Golden -> DistrPM : 132.00541493606835
Variational Distance - Golden -> PM : 132.00541493606835
Variational Distance - Golden -> Sampling : 132.00541493606835
AVG Variational Distance - Golden -> DistrPM : 1.9378405449590799
AVG Variational Distance - Golden -> PM : 1.6660479754263624
AVG Variational Distance - Golden -> Sampling : 1.764618906007961
KL Distance - Golden -> DistrPM : inf
KL Distance - Golden -> PM : inf
KL Distance - Golden -> Sampling : inf
WSS Distance - Golden -> DistrPM : 0.66920557333053
WSS Distance - Golden -> PM : 0.7705338666519452
WSS Distance - Golden -> Sampling : 1.28367124600942
######################################## Info about Abs Error Distribution#######:

Mode of the distribution: 6.698072332646159e-09


Range: [3.1442300529662503e-09,1.0251914612326069e-08] contains 25.0% of the distribution.

Range: [1.127184434769542e-09,1.2268960230522774e-08] contains 50.0% of the distribution.

Range: [3.587861040279378e-10,1.3037358561264376e-08] contains 75.0% of the distribution.

Range: [1.666865213425367e-10,1.3229458143949776e-08] contains 85.0% of the distribution.

Range: [0.0,1.467020501409028e-08] contains 95.0% of the distribution.

Range: [0.0,2.2690362591206018e-08] contains 99.0% of the distribution.

Range: [0.0,3.383213838695935e-08] contains 99.99% of the distribution.

Range: [0.0,4.8024895671350265e-08] contains 100% of the distribution.

###########################################

###### Info about Golden with num. bins: 474#######:

Mode of the sampling distribution: 8.121761062488667e-22


Range: [8.121761062488667e-22,4.2691924960121703e-10] contains 25.0% of the distribution.

Range: [8.121761062488667e-22,1.7788302066691656e-09] contains 50.0% of the distribution.

Range: [8.121761062488667e-22,5.336490620005873e-09] contains 75.0% of the distribution.

Range: [8.121761062488667e-22,7.898006117608302e-09] contains 85.0% of the distribution.

Range: [8.121761062488667e-22,1.2949883904546427e-08] contains 95.0% of the distribution.

Range: [8.121761062488667e-22,1.921136623201903e-08] contains 99.0% of the distribution.

Range: [8.121761062488667e-22,3.0097807096829356e-08] contains 99.99% of the distribution.

Range: [8.121761062488667e-22,3.37266207184328e-08] contains 100% of the distribution.

###########################################

###### Info about Sampling with num. bins: 79#######:

Mode of the sampling distribution: 1.1895313368893558e-16


Range: [1.1895313368893558e-16,7.738900413615605e-10] contains 25.0% of the distribution.

Range: [1.1895313368893558e-16,1.9347249249742007e-09] contains 50.0% of the distribution.

Range: [1.1895313368893558e-16,5.4172295758121216e-09] contains 75.0% of the distribution.

Range: [1.1895313368893558e-16,8.125844304241615e-09] contains 85.0% of the distribution.

Range: [1.1895313368893558e-16,1.315612879989639e-08] contains 95.0% of the distribution.

Range: [1.1895313368893558e-16,1.9347248179163804e-08] contains 99.0% of the distribution.

Range: [1.1895313368893558e-16,3.0181707092881776e-08] contains 99.99% of the distribution.

Range: [1.1895313368893558e-16,3.056865205408599e-08] contains 100% of the distribution.

###########################################

###### Info about PM with num. bins: 330#######:

Mode of the sampling distribution: 1.0160368262486766e-19


Range: [1.0160368262486766e-19,4.3658996074931874e-10] contains 25.0% of the distribution.

Range: [1.0160368262486766e-19,1.7463598426924639e-09] contains 50.0% of the distribution.

Range: [1.0160368262486766e-19,5.093549540991613e-09] contains 75.0% of the distribution.

Range: [1.0160368262486766e-19,8.004149278643048e-09] contains 85.0% of the distribution.

Range: [1.0160368262486766e-19,1.4407468701476201e-08] contains 95.0% of the distribution.

Range: [1.0160368262486766e-19,2.2557147966900218e-08] contains 99.0% of the distribution.

Range: [1.0160368262486766e-19,3.841991653710053e-08] contains 99.99% of the distribution.

Range: [1.0160368262486766e-19,4.8024895671350265e-08] contains 100% of the distribution.

###########################################

##### DISTANCE MEASURES ######

Measure Distances Abs error
Variational Distance - Golden -> DistrPM : 963628016.6405902
Variational Distance - Golden -> PM : 1463855260.7392254
Variational Distance - Golden -> Sampling : 1463855260.7392254
AVG Variational Distance - Golden -> DistrPM : 9186007.215392068
AVG Variational Distance - Golden -> PM : 7507629.829012206
AVG Variational Distance - Golden -> Sampling : 6897969.056040093
KL Distance - Golden -> DistrPM : 0.08976249113630616
KL Distance - Golden -> PM : inf
KL Distance - Golden -> Sampling : inf
WSS Distance - Golden -> DistrPM : 6830672.470441347
WSS Distance - Golden -> PM : 3665481.5976443696
WSS Distance - Golden -> Sampling : 4594009.149983862
##################################