Execution Time:177.21554470062256s 

###### Info about Range Analysis on Round(distr) with 1000 bins#######:

Mode of the distribution: 10141.970610353064


Range: [-36449.79890718218,56733.74012788823] contains 25.0% of the distribution.

Range: [-87006.82540493317,107290.76662563939] contains 50.0% of the distribution.

Range: [-153424.8798235475,173708.8210442537] contains 75.0% of the distribution.

Range: [-193077.4496257053,213361.39084641152] contains 85.0% of the distribution.

Range: [-259495.50404431965,279779.44526502537] contains 95.0% of the distribution.

Range: [-330870.1296882017,351154.07090890734] contains 99.0% of the distribution.

Range: [-445862.582114456,466146.5233351616] contains 99.99% of the distribution.

Range: [-521777.3630309326,469536.88202300906] contains 100% of the distribution.

###########################################

##### DISTANCE MEASURES ######

Measure Distances Range Analysis
Variational Distance - Golden -> DistrPM : 1.1262058548618772e-07
Variational Distance - Golden -> PM : 1.1268556554508247e-07
Variational Distance - Golden -> Sampling : 1.556146145601502e-07
AVG Variational Distance - Golden -> DistrPM : 2.0147936290556927e-08
AVG Variational Distance - Golden -> PM : 1.9771957065284415e-08
AVG Variational Distance - Golden -> Sampling : 2.4710653592607425e-08
KL Distance - Golden -> DistrPM : inf
KL Distance - Golden -> PM : inf
KL Distance - Golden -> Sampling : inf
WSS Distance - Golden -> DistrPM : 1.1281427719031531e-08
WSS Distance - Golden -> PM : 1.1015862241223222e-08
WSS Distance - Golden -> Sampling : 1.3408528744962717e-08
######################################## Info about Abs Error Distribution#######:

Mode of the distribution: 6.951564538801927e-13


Range: [0.0,0.00288707476178782] contains 25.0% of the distribution.

Range: [0.0,0.006299072206715505] contains 50.0% of the distribution.

Range: [0.0,0.011154607032189508] contains 75.0% of the distribution.

Range: [0.0,0.014369758470679051] contains 85.0% of the distribution.

Range: [0.0,0.02066883067669938] contains 95.0% of the distribution.

Range: [0.0,0.02893636294710106] contains 99.0% of the distribution.

Range: [0.0,0.04796481023612081] contains 99.99% of the distribution.

Range: [0.0,0.0656153354793787] contains 100% of the distribution.

###########################################

###### Info about Golden with num. bins: 616#######:

Mode of the sampling distribution: 2.735760062932968e-09


Range: [2.735760062932968e-09,0.003057123949545641] contains 25.0% of the distribution.

Range: [2.735760062932968e-09,0.006481099708985488] contains 50.0% of the distribution.

Range: [2.735760062932968e-09,0.01161706334814526] contains 75.0% of the distribution.

Range: [2.735760062932968e-09,0.015041039107585107] contains 85.0% of the distribution.

Range: [2.735760062932968e-09,0.022011275475016225] contains 95.0% of the distribution.

Range: [2.735760062932968e-09,0.03277234214754146] contains 99.0% of the distribution.

Range: [2.735760062932968e-09,0.05930815428320028] contains 99.99% of the distribution.

Range: [2.735760062932968e-09,0.07532746944343671] contains 100% of the distribution.

###########################################

###### Info about Sampling with num. bins: 196#######:

Mode of the sampling distribution: 1.1142219591420144e-08


Range: [1.1142219591420144e-08,0.0029932787889237616] contains 25.0% of the distribution.

Range: [1.1142219591420144e-08,0.006651717023784414] contains 50.0% of the distribution.

Range: [1.1142219591420144e-08,0.011640496434958032] contains 75.0% of the distribution.

Range: [1.1142219591420144e-08,0.015298934669818683] contains 85.0% of the distribution.

Range: [1.1142219591420144e-08,0.022283225845461746] contains 95.0% of the distribution.

Range: [1.1142219591420144e-08,0.032925955255965464] contains 99.0% of the distribution.

Range: [1.1142219591420144e-08,0.05886760819406827] contains 99.99% of the distribution.

Range: [1.1142219591420144e-08,0.06518672878155485] contains 100% of the distribution.

###########################################

###### Info about PM with num. bins: 250#######:

Mode of the sampling distribution: 0.0007874475715871085


Range: [6.431764631997794e-08,0.0028871362487625446] contains 25.0% of the distribution.

Range: [6.431764631997794e-08,0.006299130349172628] contains 50.0% of the distribution.

Range: [6.431764631997794e-08,0.011285890957464288] contains 75.0% of the distribution.

Range: [6.431764631997794e-08,0.014435423973227442] contains 85.0% of the distribution.

Range: [6.431764631997794e-08,0.02073449000475375] contains 95.0% of the distribution.

Range: [6.431764631997794e-08,0.028870783628808565] contains 99.0% of the distribution.

Range: [6.431764631997794e-08,0.04776798172338749] contains 99.99% of the distribution.

Range: [6.431764631997794e-08,0.0656153354793787] contains 100% of the distribution.

###########################################

##### DISTANCE MEASURES ######

Measure Distances Abs error
Variational Distance - Golden -> DistrPM : 3.675774887406547
Variational Distance - Golden -> PM : 86.7644514835648
Variational Distance - Golden -> Sampling : 86.7644514835648
AVG Variational Distance - Golden -> DistrPM : 0.46163154136998674
AVG Variational Distance - Golden -> PM : 0.6169353947442302
AVG Variational Distance - Golden -> Sampling : 0.4492885292559028
KL Distance - Golden -> DistrPM : inf
KL Distance - Golden -> PM : inf
KL Distance - Golden -> Sampling : inf
WSS Distance - Golden -> DistrPM : 0.45915688586161885
WSS Distance - Golden -> PM : 0.43461605985602714
WSS Distance - Golden -> Sampling : 0.2224069654809293
##################################