Execution Time:96.42830991744995s 

###### Info about PDF Range Analysis with FPPM with gaps: 1000#######:

Starting range analysis from: -0.9998435273875117


Range: [-0.9998436245762955,-0.7118885631014056] contains 25.0% of the distribution.

Range: [-0.9998436245762955,9.860591237628724e-08] contains 50.0% of the distribution.

Range: [-0.9998436245762955,0.7118887603132303] contains 75.0% of the distribution.

Range: [-0.9998436245762955,0.8938603002440335] contains 85.0% of the distribution.

Range: [-0.9998436245762955,0.9778471648274811] contains 95.0% of the distribution.

Range: [-0.9998436245762955,0.9958443500953628] contains 99.0% of the distribution.

Range: [-0.9998436245762955,0.9998436274105552] contains 99.99% of the distribution.

Range: [-0.9998436245762955,0.9998436274105552] contains 100% of the distribution.

###########################################

##### DISTANCE MEASURES ######

PDF Measure Distances Range Analysis
Variational Distance - Golden -> DistrPM : 1.7360877721789563
Variational Distance - Golden -> PM : 1.7094096415492257
Variational Distance - Golden -> Sampling : 3.86002608254204
AVG Variational Distance - Golden -> DistrPM : 0.06890132904748428
AVG Variational Distance - Golden -> PM : 0.06210785071946689
AVG Variational Distance - Golden -> Sampling : 0.08396866861017588
KL Distance - Golden -> DistrPM : 0.032998990988941324
KL Distance - Golden -> PM : 0.029039557420489488
KL Distance - Golden -> Sampling : inf
WSS Distance - Golden -> DistrPM : 0.056972403706639786
WSS Distance - Golden -> PM : 0.059344010925126034
WSS Distance - Golden -> Sampling : 0.06359787711580114
##################################

###### Info about PDF Error Analysis with FPPM#######:

Starting range analysis from: 0.0


Range: [0.0,5.8444335404583866e-09] contains 25.0% of the distribution.

Range: [0.0,1.6698381544166792e-08] contains 50.0% of the distribution.

Range: [0.0,3.456564979642532e-08] contains 75.0% of the distribution.

Range: [0.0,4.6254516877342285e-08] contains 85.0% of the distribution.

Range: [0.0,6.896431577740952e-08] contains 95.0% of the distribution.

Range: [0.0,9.484680717086852e-08] contains 99.0% of the distribution.

Range: [0.0,1.4060037260188465e-07] contains 99.99% of the distribution.

Range: [0.0,1.6698381544166807e-07] contains 100% of the distribution.

###########################################

##### DISTANCE MEASURES ######

PDF Measure Distances Abs Error

Variational Distance - Golden -> DistrPM : 18267696.893493056
Variational Distance - Golden -> PM : 80787810.93262194
Variational Distance - Golden -> Sampling : 80787810.93262194
AVG Variational Distance - Golden -> DistrPM : 731705.1490829767
AVG Variational Distance - Golden -> PM : 374459.2985025162
AVG Variational Distance - Golden -> Sampling : 370512.525997943
KL Distance - Golden -> DistrPM : 0.012348325196823535
KL Distance - Golden -> PM : inf
KL Distance - Golden -> Sampling : inf
WSS Distance - Golden -> DistrPM : 514793.0100989562
WSS Distance - Golden -> PM : 258831.5805614139
WSS Distance - Golden -> Sampling : 210554.09633637997
##################################

