Execution Time:73.27759742736816s 

###### Info about Range Analysis on Round(distr) with 1000 bins#######:

Mode of the distribution: -0.710520272074745


Range: [-2.3910473191125257,0.9700067749630357] contains 25.0% of the distribution.

Range: [-18.86021238008277,1.4821876645478107] contains 50.0% of the distribution.

Range: [-102.8865647319714,1.4821876645478107] contains 75.0% of the distribution.

Range: [-172.79648988874396,1.4821876645478107] contains 85.0% of the distribution.

Range: [-271.94758566397445,1.4821876645478107] contains 95.0% of the distribution.

Range: [-321.69118625628994,1.4821876645478107] contains 99.0% of the distribution.

Range: [-334.6232217430083,1.4821876645478107] contains 99.99% of the distribution.

Range: [-334.6232217430083,1.4821876645478107] contains 100% of the distribution.

###########################################

##### DISTANCE MEASURES ######

Measure Distances Range Analysis
Variational Distance - Golden -> DistrPM : 0.14251556953743177
Variational Distance - Golden -> PM : 0.14908436812503584
Variational Distance - Golden -> Sampling : 0.16776106080456055
AVG Variational Distance - Golden -> DistrPM : 0.0015570843229877303
AVG Variational Distance - Golden -> PM : 0.0008123468888071732
AVG Variational Distance - Golden -> Sampling : 0.0010220117819746501
KL Distance - Golden -> DistrPM : inf
KL Distance - Golden -> PM : inf
KL Distance - Golden -> Sampling : inf
WSS Distance - Golden -> DistrPM : 0.0010414182405216559
WSS Distance - Golden -> PM : 0.0008043933183473896
WSS Distance - Golden -> Sampling : 0.0010096199433784893
######################################## Info about Abs Error Distribution#######:

Mode of the distribution: 6.0792020232530715e-05


Range: [1.1590630246847626e-05,0.0001099934102182138] contains 25.0% of the distribution.

Range: [2.7201873407749852e-06,0.00011827257208096853] contains 50.0% of the distribution.

Range: [9.460987595604571e-07,0.00011827257208096853] contains 75.0% of the distribution.

Range: [5.912810433175515e-07,0.00011827257208096853] contains 85.0% of the distribution.

Range: [1.1819075499367735e-07,0.00011827257208096853] contains 95.0% of the distribution.

Range: [0.0,0.00011827257208096853] contains 99.0% of the distribution.

Range: [0.0,0.00011827257208096853] contains 99.99% of the distribution.

Range: [0.0,0.00011827257208096853] contains 100% of the distribution.

###########################################

###### Info about Golden with num. bins: 1780#######:

Mode of the sampling distribution: 1.0635936575909e-13


Range: [1.0635936575909e-13,1.5623030826456433e-07] contains 25.0% of the distribution.

Range: [1.0635936575909e-13,1.3279568225535537e-06] contains 50.0% of the distribution.

Range: [1.0635936575909e-13,7.420934696856298e-06] contains 75.0% of the distribution.

Range: [1.0635936575909e-13,1.5701135397831823e-05] contains 85.0% of the distribution.

Range: [1.0635936575909e-13,3.780770896741742e-05] contains 95.0% of the distribution.

Range: [1.0635936575909e-13,6.1007893950339406e-05] contains 99.0% of the distribution.

Range: [1.0635936575909e-13,0.00010233078235426443] contains 99.99% of the distribution.

Range: [1.0635936575909e-13,0.0001390448798019861] contains 100% of the distribution.

###########################################

###### Info about Sampling with num. bins: 404#######:

Mode of the sampling distribution: 7.907452470590215e-12


Range: [7.907452470590215e-12,2.8959143062654703e-07] contains 25.0% of the distribution.

Range: [7.907452470590215e-12,1.4479255233228528e-06] contains 50.0% of the distribution.

Range: [7.907452470590215e-12,7.529179509978458e-06] contains 75.0% of the distribution.

Range: [7.907452470590215e-12,1.56375181588526e-05] contains 85.0% of the distribution.

Range: [7.907452470590215e-12,3.7645865920082406e-05] contains 95.0% of the distribution.

Range: [7.907452470590215e-12,6.0812547774008525e-05] contains 99.0% of the distribution.

Range: [7.907452470590215e-12,0.00010251257511107553] contains 99.99% of the distribution.

Range: [7.907452470590215e-12,0.00011699175126977934] contains 100% of the distribution.

###########################################

###### Info about PM with num. bins: 518#######:

Mode of the sampling distribution: 7.605027718682322e-13


Range: [7.605027718682322e-13,2.2832618776235829e-07] contains 25.0% of the distribution.

Range: [7.605027718682322e-13,1.3699533240602904e-06] contains 50.0% of the distribution.

Range: [7.605027718682322e-13,7.534739860069124e-06] contains 75.0% of the distribution.

Range: [7.605027718682322e-13,1.4384502677856717e-05] contains 85.0% of the distribution.

Range: [7.605027718682322e-13,3.15089097223257e-05] contains 95.0% of the distribution.

Range: [7.605027718682322e-13,5.388480159376517e-05] contains 99.0% of the distribution.

Range: [7.605027718682322e-13,9.977821247294204e-05] contains 99.99% of the distribution.

Range: [7.605027718682322e-13,0.00011827257208096853] contains 100% of the distribution.

###########################################

##### DISTANCE MEASURES ######

Measure Distances Abs error
Variational Distance - Golden -> DistrPM : 2239465.0769281844
Variational Distance - Golden -> PM : 2487716.0110226353
Variational Distance - Golden -> Sampling : 2487716.0110226353
AVG Variational Distance - Golden -> DistrPM : 5425.751635839365
AVG Variational Distance - Golden -> PM : 2600.6412041500316
AVG Variational Distance - Golden -> Sampling : 2619.6360176296266
KL Distance - Golden -> DistrPM : inf
KL Distance - Golden -> PM : inf
KL Distance - Golden -> Sampling : inf
WSS Distance - Golden -> DistrPM : 4573.98302702044
WSS Distance - Golden -> PM : 1350.952789790323
WSS Distance - Golden -> Sampling : 1380.6720692343868
##################################