Execution Time:40.94588327407837s 

###### Info about  CDF Range Analysis with FPPM #######:

Starting range analysis from: -1.000000153536902


Range: [-1.000000153536902,-0.8320001274373914] contains 25.0% of the distribution.

Range: [-1.000000153536902,-0.003999998804085858] contains 50.0% of the distribution.

Range: [-1.000000153536902,0.8280001304506367] contains 75.0% of the distribution.

Range: [-1.000000153536902,0.9480001490931443] contains 85.0% of the distribution.

Range: [-1.000000153536902,0.9840001546858966] contains 95.0% of the distribution.

Range: [-1.000000153536902,0.9980001568608559] contains 99.0% of the distribution.

Range: [-1.000000153536902,1.0000001571715644] contains 99.99% of the distribution.

Range: [-1.000000153536902,1.0000001571715789] contains 100% of the distribution.

###########################################

##### DISTANCE MEASURES ######

CDF Measure Distances Range Analysis
Variational Distance - Golden -> DistrPM : 0.06774086720997832
Variational Distance - Golden -> PM : 0.1175973287824621
Variational Distance - Golden -> Sampling : 0.13583635134384464
AVG Variational Distance - Golden -> DistrPM : 0.004665391435836293
AVG Variational Distance - Golden -> PM : 0.009231466248183648
AVG Variational Distance - Golden -> Sampling : 0.01043787708107412
KL Distance - Golden -> DistrPM : 0.009405520075189215
KL Distance - Golden -> PM : 0.0006771267007854704
KL Distance - Golden -> Sampling : inf
WSS Distance - Golden -> DistrPM : 0.0046653914358362955
WSS Distance - Golden -> PM : 0.009231466248183643
WSS Distance - Golden -> Sampling : 0.010437877081074118
##################################

###### Info about CDF Error Analysis with FPPM#######:

Starting range analysis from: 0.0


Range: [0.0,8.05801387482319e-09] contains 25.0% of the distribution.

Range: [0.0,2.0275002652780898e-08] contains 50.0% of the distribution.

Range: [0.0,4.0809941237007605e-08] contains 75.0% of the distribution.

Range: [0.0,5.5366353397978435e-08] contains 85.0% of the distribution.

Range: [0.0,8.317949806269116e-08] contains 95.0% of the distribution.

Range: [0.0,1.2398943929969946e-07] contains 99.0% of the distribution.

Range: [0.0,2.1574682310010254e-07] contains 99.99% of the distribution.

Range: [0.0,2.599359314459093e-07] contains 100% of the distribution.

###########################################

##### DISTANCE MEASURES ######

Measure Distances Abs Error Analysis


Variational Distance - Golden -> DistrPM : 0.03273017909602849
Variational Distance - Golden -> PM : 0.03141321510358169
Variational Distance - Golden -> Sampling : 0.03517889587327376
AVG Variational Distance - Golden -> DistrPM : 0.008921849929059726
AVG Variational Distance - Golden -> PM : 0.005416083701397455
AVG Variational Distance - Golden -> Sampling : 0.0013474875136690648
KL Distance - Golden -> DistrPM : 0.00038107737775285293
KL Distance - Golden -> PM : inf
KL Distance - Golden -> Sampling : inf
WSS Distance - Golden -> DistrPM : 0.008921849929059726
WSS Distance - Golden -> PM : 0.0054160837013974535
WSS Distance - Golden -> Sampling : 0.0013474875136690648
##################################

