Execution Time:177.82943415641785s 

###### Info about  CDF Range Analysis with FPPM #######:

Starting range analysis from: -66966.9962644469


Range: [-66966.9962644469,-2646.197103936529] contains 25.0% of the distribution.

Range: [-66966.9962644469,307.9940892393248] contains 50.0% of the distribution.

Range: [-66966.9962644469,3396.466700286809] contains 75.0% of the distribution.

Range: [-66966.9962644469,5007.843714746367] contains 85.0% of the distribution.

Range: [-66966.9962644469,7693.4720721789645] contains 95.0% of the distribution.

Range: [-66966.9962644469,10781.944683226433] contains 99.0% of the distribution.

Range: [-66966.9962644469,16958.889905321364] contains 99.99% of the distribution.

Range: [-66966.9962644469,67314.4216071828] contains 100% of the distribution.

###########################################

##### DISTANCE MEASURES ######

CDF Measure Distances Range Analysis
Variational Distance - Golden -> DistrPM : 0.013305587748320913
Variational Distance - Golden -> PM : 0.01295113984108559
Variational Distance - Golden -> Sampling : 0.026572214588772736
AVG Variational Distance - Golden -> DistrPM : 0.003268974905843216
AVG Variational Distance - Golden -> PM : 0.0015388070434301634
AVG Variational Distance - Golden -> Sampling : 0.0033281997764939833
KL Distance - Golden -> DistrPM : 7.07649362586848e-05
KL Distance - Golden -> PM : inf
KL Distance - Golden -> Sampling : inf
WSS Distance - Golden -> DistrPM : 0.0032689749058432156
WSS Distance - Golden -> PM : 0.0015388070434301621
WSS Distance - Golden -> Sampling : 0.003328199776493984
##################################

###### Info about CDF Error Analysis with FPPM#######:

Starting range analysis from: 0.0


Range: [0.0,6.0842244714876914e-05] contains 25.0% of the distribution.

Range: [0.0,0.00013745840472620337] contains 50.0% of the distribution.

Range: [0.0,0.00025914289415595655] contains 75.0% of the distribution.

Range: [0.0,0.00034927955299281075] contains 85.0% of the distribution.

Range: [0.0,0.0005385665365502046] contains 95.0% of the distribution.

Range: [0.0,0.0008292572612990594] contains 99.0% of the distribution.

Range: [0.0,0.001606685943766927] contains 99.99% of the distribution.

Range: [0.0,0.0022534164709213655] contains 100% of the distribution.

###########################################

##### DISTANCE MEASURES ######

Measure Distances Abs Error Analysis


Variational Distance - Golden -> DistrPM : 0.018754234830738382
Variational Distance - Golden -> PM : 0.024582836274579467
Variational Distance - Golden -> Sampling : 0.04025576848992807
AVG Variational Distance - Golden -> DistrPM : 0.0035345623108437095
AVG Variational Distance - Golden -> PM : 0.0045694869890668096
AVG Variational Distance - Golden -> Sampling : 0.0021453418451485157
KL Distance - Golden -> DistrPM : 0.0003462162107902764
KL Distance - Golden -> PM : inf
KL Distance - Golden -> Sampling : inf
WSS Distance - Golden -> DistrPM : 0.0035345553224225956
WSS Distance - Golden -> PM : 0.0045694869890668096
WSS Distance - Golden -> Sampling : 0.002145341845148513
##################################

