Execution Time:127.83788251876831s 

###### Info about Range Analysis on Round(distr) with 1000 bins#######:

Mode of the distribution: -2.8246391651508835


Range: [-6.144303461644414,0.4950251313426354] contains 25.0% of the distribution.

Range: [-9.694500000950008,4.045221670648202] contains 50.0% of the distribution.

Range: [-14.028506165816577,8.37922783551477] contains 75.0% of the distribution.

Range: [-16.333828593937078,10.684550263635286] contains 85.0% of the distribution.

Range: [-20.206770273179394,14.557491942877752] contains 95.0% of the distribution.

Range: [-22.38697135363075,18.061582033620855] contains 99.0% of the distribution.

Range: [-22.38697135363075,22.533907544174482] contains 99.99% of the distribution.

Range: [-22.38697135363075,23.71947720877925] contains 100% of the distribution.

###########################################

##### DISTANCE MEASURES ######

Measure Distances Range Analysis
Variational Distance - Golden -> DistrPM : 0.0018025436698480488
Variational Distance - Golden -> PM : 0.0021304431631286036
Variational Distance - Golden -> Sampling : 0.0023462226059147197
AVG Variational Distance - Golden -> DistrPM : 0.0004239054201449337
AVG Variational Distance - Golden -> PM : 0.0003992411134482051
AVG Variational Distance - Golden -> Sampling : 0.00046812484512488695
KL Distance - Golden -> DistrPM : inf
KL Distance - Golden -> PM : inf
KL Distance - Golden -> Sampling : inf
WSS Distance - Golden -> DistrPM : 0.00032573623459265387
WSS Distance - Golden -> PM : 0.0002474947476011427
WSS Distance - Golden -> Sampling : 0.00025791233272154916
######################################## Info about Abs Error Distribution#######:

Mode of the distribution: 1.8178874854628426e-07


Range: [8.380323259631229e-08,2.797742644962561e-07] contains 25.0% of the distribution.

Range: [0.0,3.952571940087229e-07] contains 50.0% of the distribution.

Range: [0.0,6.857142591461394e-07] contains 75.0% of the distribution.

Range: [0.0,8.781858083335841e-07] contains 85.0% of the distribution.

Range: [0.0,1.2421320104334795e-06] contains 95.0% of the distribution.

Range: [0.0,1.7075632111958457e-06] contains 99.0% of the distribution.

Range: [0.0,2.907885781583061e-06] contains 99.99% of the distribution.

Range: [0.0,3.4994827124990024e-06] contains 100% of the distribution.

###########################################

###### Info about Golden with num. bins: 625#######:

Mode of the sampling distribution: 6.520829987266552e-09


Range: [4.3520742565306136e-13,2.021326733824935e-07] contains 25.0% of the distribution.

Range: [4.3520742565306136e-13,4.2382609589708404e-07] contains 50.0% of the distribution.

Range: [4.3520742565306136e-13,7.433254401092881e-07] contains 75.0% of the distribution.

Range: [4.3520742565306136e-13,9.454576782843559e-07] contains 85.0% of the distribution.

Range: [4.3520742565306136e-13,1.3366813650748098e-06] contains 95.0% of the distribution.

Range: [4.3520742565306136e-13,1.8517925526822409e-06] contains 99.0% of the distribution.

Range: [4.3520742565306136e-13,3.0450247973931255e-06] contains 99.99% of the distribution.

Range: [4.3520742565306136e-13,4.0752471726079875e-06] contains 100% of the distribution.

###########################################

###### Info about Sampling with num. bins: 190#######:

Mode of the sampling distribution: 5.993805641871387e-08


Range: [7.004841151569963e-12,1.9977717676635926e-07] contains 25.0% of the distribution.

Range: [7.004841151569963e-12,4.395013830766085e-07] contains 50.0% of the distribution.

Range: [7.004841151569963e-12,7.3915664096442e-07] contains 75.0% of the distribution.

Range: [7.004841151569963e-12,9.589038300821484e-07] contains 85.0% of the distribution.

Range: [7.004841151569963e-12,1.338467156740043e-06] contains 95.0% of the distribution.

Range: [7.004841151569963e-12,1.857869603745583e-06] contains 99.0% of the distribution.

Range: [7.004841151569963e-12,3.0964446696818707e-06] contains 99.99% of the distribution.

Range: [7.004841151569963e-12,3.7956402714200976e-06] contains 100% of the distribution.

###########################################

###### Info about PM with num. bins: 221#######:

Mode of the sampling distribution: 7.917493099351013e-08


Range: [1.1397549570801857e-12,1.9001823872748443e-07] contains 25.0% of the distribution.

Range: [1.1397549570801857e-12,3.958700959477224e-07] contains 50.0% of the distribution.

Range: [1.1397549570801857e-12,6.967305026542239e-07] contains 75.0% of the distribution.

Range: [1.1397549570801857e-12,8.867476016267513e-07] contains 85.0% of the distribution.

Range: [1.1397549570801857e-12,1.2509470413240954e-06] contains 95.0% of the distribution.

Range: [1.1397549570801857e-12,1.7101550305077032e-06] contains 99.0% of the distribution.

Range: [1.1397549570801857e-12,2.9135966573337094e-06] contains 99.99% of the distribution.

Range: [1.1397549570801857e-12,3.4994827124990024e-06] contains 100% of the distribution.

###########################################

##### DISTANCE MEASURES ######

Measure Distances Abs error
Variational Distance - Golden -> DistrPM : 154982.6665288543
Variational Distance - Golden -> PM : 1295733.156872826
Variational Distance - Golden -> Sampling : 1295733.156872826
AVG Variational Distance - Golden -> DistrPM : 17080.202481486078
AVG Variational Distance - Golden -> PM : 18882.728086526193
AVG Variational Distance - Golden -> Sampling : 7233.5713761530715
KL Distance - Golden -> DistrPM : inf
KL Distance - Golden -> PM : inf
KL Distance - Golden -> Sampling : inf
WSS Distance - Golden -> DistrPM : 17049.304444593075
WSS Distance - Golden -> PM : 17172.941047701024
WSS Distance - Golden -> Sampling : 3578.3571896976564
##################################