Execution Time:10.573744058609009s 

###### Info about PDF Range Analysis with PAF with gaps: 1000#######:

Starting range analysis from: 0.37210941147394205


Range: [0.0,1.3721094710785868] contains 25.0% of the distribution.

Range: [0.0,1.3721094710785868] contains 50.0% of the distribution.

Range: [0.0,1000.0000596046448] contains 75.0% of the distribution.

Range: [0.0,1000.0000596046448] contains 85.0% of the distribution.

Range: [0.0,1000.0000596046448] contains 95.0% of the distribution.

Range: [0.0,1000.0000596046448] contains 99.0% of the distribution.

Range: [0.0,1000.0000596046448] contains 99.99% of the distribution.

Range: [0.0,1000.0000596046448] contains 100% of the distribution.

###########################################

##### DISTANCE MEASURES ######

PDF Measure Distances Range Analysis
Variational Distance - Golden -> paf : 0.8824830306987473
Variational Distance - Golden -> Sampling : 0.11751698356114859
AVG Variational Distance - Golden -> paf : 0.004254210727374581
AVG Variational Distance - Golden -> Sampling : 0.0018493812701862902
KL Distance - Golden -> paf : 6.20071295579457
KL Distance - Golden -> Sampling : inf
WSS Distance - Golden -> paf : 0.0042542107273738465
WSS Distance - Golden -> Sampling : 0.0017639504468328654
##################################

