Execution Time:84.06081342697144s 

###### Info about Range Analysis on Round(distr) with 1000 bins#######:

Mode of the distribution: -4.039295394335566


Range: [-4.746456929235458,-3.3321338594356744] contains 25.0% of the distribution.

Range: [-6.134588831075986,-1.9440019575951464] contains 50.0% of the distribution.

Range: [-8.439411611490433,-1.3867497529719377] contains 75.0% of the distribution.

Range: [-9.958499353127186,-1.3867497529719377] contains 85.0% of the distribution.

Range: [-12.760954324767402,-1.3867497529719377] contains 95.0% of the distribution.

Range: [-16.113423823551962,-1.3867497529719377] contains 99.0% of the distribution.

Range: [-23.91839187540976,-1.3867497529719377] contains 99.99% of the distribution.

Range: [-27.577917712227126,-1.3867497529719377] contains 100% of the distribution.

###########################################

##### DISTANCE MEASURES ######

Measure Distances Range Analysis
Variational Distance - Golden -> DistrPM : 0.01443690131105542
Variational Distance - Golden -> PM : 0.012662703169343259
Variational Distance - Golden -> Sampling : 0.03468716364151554
AVG Variational Distance - Golden -> DistrPM : 0.0010217321966868227
AVG Variational Distance - Golden -> PM : 0.0009892919851014102
AVG Variational Distance - Golden -> Sampling : 0.0019535668560580984
KL Distance - Golden -> DistrPM : inf
KL Distance - Golden -> PM : inf
KL Distance - Golden -> Sampling : inf
WSS Distance - Golden -> DistrPM : 0.000580468324781203
WSS Distance - Golden -> PM : 0.0005795564283572596
WSS Distance - Golden -> Sampling : 0.0013305794941207713
######################################## Info about Abs Error Distribution#######:

Mode of the distribution: 1.0513729053615825e-15


Range: [0.0,9.055384586508508e-08] contains 25.0% of the distribution.

Range: [0.0,1.9503905141936834e-07] contains 50.0% of the distribution.

Range: [0.0,3.587325401210788e-07] contains 75.0% of the distribution.

Range: [0.0,4.80631946601076e-07] contains 85.0% of the distribution.

Range: [0.0,7.557763212273594e-07] contains 95.0% of the distribution.

Range: [0.0,1.1528201023336417e-06] contains 99.0% of the distribution.

Range: [0.0,2.2708118017644894e-06] contains 99.99% of the distribution.

Range: [0.0,3.482840185142777e-06] contains 100% of the distribution.

###########################################

###### Info about Golden with num. bins: 585#######:

Mode of the sampling distribution: 5.292580954313667e-09


Range: [5.693223670277803e-13,8.99647670654599e-08] contains 25.0% of the distribution.

Range: [5.693223670277803e-13,1.9580499970439267e-07] contains 50.0% of the distribution.

Range: [5.693223670277803e-13,3.5456534866279184e-07] contains 75.0% of the distribution.

Range: [5.693223670277803e-13,4.709896045656179e-07] contains 85.0% of the distribution.

Range: [5.693223670277803e-13,7.408821977948965e-07] contains 95.0% of the distribution.

Range: [5.693223670277803e-13,1.1271990469270012e-06] contains 99.0% of the distribution.

Range: [5.693223670277803e-13,2.3231936757469417e-06] contains 99.99% of the distribution.

Range: [5.693223670277803e-13,3.095827374011151e-06] contains 100% of the distribution.

###########################################

###### Info about Sampling with num. bins: 156#######:

Mode of the sampling distribution: 1.2148504424658313e-11


Range: [1.2148504424658313e-11,9.521290398841242e-08] contains 25.0% of the distribution.

Range: [1.2148504424658313e-11,2.094538105691977e-07] contains 50.0% of the distribution.

Range: [1.2148504424658313e-11,3.6177501934357815e-07] contains 75.0% of the distribution.

Range: [1.2148504424658313e-11,4.7601592592436344e-07] contains 85.0% of the distribution.

Range: [1.2148504424658313e-11,7.425780412795292e-07] contains 95.0% of the distribution.

Range: [1.2148504424658313e-11,1.1233810632154802e-06] contains 99.0% of the distribution.

Range: [1.2148504424658313e-11,2.5513923954752963e-06] contains 99.99% of the distribution.

Range: [1.2148504424658313e-11,2.9702757196048424e-06] contains 100% of the distribution.

###########################################

###### Info about PM with num. bins: 409#######:

Mode of the sampling distribution: 1.7031183652722214e-08


Range: [1.8118839761882555e-13,9.367069474218289e-08] contains 25.0% of the distribution.

Range: [1.8118839761882555e-13,1.9585670952813045e-07] contains 50.0% of the distribution.

Range: [1.8118839761882555e-13,3.576512329392141e-07] contains 75.0% of the distribution.

Range: [1.8118839761882555e-13,4.853837514216485e-07] contains 85.0% of the distribution.

Range: [1.8118839761882555e-13,7.578797908508421e-07] contains 95.0% of the distribution.

Range: [1.8118839761882555e-13,1.1495928475303078e-06] contains 99.0% of the distribution.

Range: [1.8118839761882555e-13,2.290670012640056e-06] contains 99.99% of the distribution.

Range: [1.8118839761882555e-13,3.482840185142777e-06] contains 100% of the distribution.

###########################################

##### DISTANCE MEASURES ######

Measure Distances Abs error
Variational Distance - Golden -> DistrPM : 60413.300679384265
Variational Distance - Golden -> PM : 91533.36832092842
Variational Distance - Golden -> Sampling : 2927962.10255655
AVG Variational Distance - Golden -> DistrPM : 6997.193873713064
AVG Variational Distance - Golden -> PM : 8304.96900523361
AVG Variational Distance - Golden -> Sampling : 17571.98691218618
KL Distance - Golden -> DistrPM : 0.0015011815231255785
KL Distance - Golden -> PM : inf
KL Distance - Golden -> Sampling : inf
WSS Distance - Golden -> DistrPM : 6288.78664751469
WSS Distance - Golden -> PM : 6641.2982930947655
WSS Distance - Golden -> Sampling : 9963.651029905619
##################################