Execution Time:18.65386986732483s 

###### Info about PDF Range Analysis with PAF with gaps: 1000#######:

Starting range analysis from: 0.37210941147394205


Range: [0.0,1.3721094710785868] contains 25.0% of the distribution.

Range: [0.0,1.3721094710785868] contains 50.0% of the distribution.

Range: [0.0,1000.0000596046448] contains 75.0% of the distribution.

Range: [0.0,1000.0000596046448] contains 85.0% of the distribution.

Range: [0.0,1000.0000596046448] contains 95.0% of the distribution.

Range: [0.0,1000.0000596046448] contains 99.0% of the distribution.

Range: [0.0,1000.0000596046448] contains 99.99% of the distribution.

Range: [0.0,1000.0000596046448] contains 100% of the distribution.

###########################################

##### DISTANCE MEASURES ######

PDF Measure Distances Range Analysis
Variational Distance - Golden -> paf : 0.8494732347571434
Variational Distance - Golden -> Sampling : 0.15052677950275253
AVG Variational Distance - Golden -> paf : 0.0033211077498821024
AVG Variational Distance - Golden -> Sampling : 0.0019152940299982984
KL Distance - Golden -> paf : 6.200270370688841
KL Distance - Golden -> Sampling : inf
WSS Distance - Golden -> paf : 0.003321107749881409
WSS Distance - Golden -> Sampling : 0.0018387747319838557
##################################

