Execution Time:36.03515553474426s 

###### Info about Range Analysis on Round(distr) with 1000 bins#######:

Mode of the distribution: 0.9667238231278171


Range: [0.8307238047212803,1.0000001177577071] contains 25.0% of the distribution.

Range: [-0.0032763081540973776,1.0000001177577071] contains 50.0% of the distribution.

Range: [-0.8292764199467376,1.0000001177577071] contains 75.0% of the distribution.

Range: [-0.9472764359171152,1.0000001177577071] contains 85.0% of the distribution.

Range: [-0.9832764407894338,1.0000001177577071] contains 95.0% of the distribution.

Range: [-0.9972764426842243,1.0000001177577071] contains 99.0% of the distribution.

Range: [-1.0000001529266396,1.0000001177577071] contains 99.99% of the distribution.

Range: [-1.0000001529266396,1.0000001177577071] contains 100% of the distribution.

###########################################

##### DISTANCE MEASURES ######

Measure Distances Range Analysis
Variational Distance - Golden -> DistrPM : 2.764086693331311
Variational Distance - Golden -> PM : 2.7493416262879875
Variational Distance - Golden -> Sampling : 5.59368938176452
AVG Variational Distance - Golden -> DistrPM : 0.09970141293296833
AVG Variational Distance - Golden -> PM : 0.08795887841447976
AVG Variational Distance - Golden -> Sampling : 0.11058794943331496
KL Distance - Golden -> DistrPM : 0.04940156569802459
KL Distance - Golden -> PM : 0.044244626719126975
KL Distance - Golden -> Sampling : inf
WSS Distance - Golden -> DistrPM : 0.09185433991712719
WSS Distance - Golden -> PM : 0.08564229156982162
WSS Distance - Golden -> Sampling : 0.08272316665336206
######################################## Info about Abs Error Distribution#######:

Mode of the distribution: 7.418650248500968e-17


Range: [0.0,6.707344570668088e-09] contains 25.0% of the distribution.

Range: [0.0,1.851227088447567e-08] contains 50.0% of the distribution.

Range: [0.0,3.9439185713498166e-08] contains 75.0% of the distribution.

Range: [0.0,5.392704982589826e-08] contains 85.0% of the distribution.

Range: [0.0,8.209789671112122e-08] contains 95.0% of the distribution.

Range: [0.0,1.236834325893075e-07] contains 99.0% of the distribution.

Range: [0.0,1.9880569094989872e-07] contains 99.99% of the distribution.

Range: [0.0,2.682937798592633e-07] contains 100% of the distribution.

###########################################

###### Info about Golden with num. bins: 1078#######:

Mode of the sampling distribution: 4.1530046579702027e-16


Range: [4.1530046579702027e-16,7.142515687918516e-09] contains 25.0% of the distribution.

Range: [4.1530046579702027e-16,1.9131737752670242e-08] contains 50.0% of the distribution.

Range: [4.1530046579702027e-16,3.902874458353481e-08] contains 75.0% of the distribution.

Range: [4.1530046579702027e-16,5.178323614178133e-08] contains 85.0% of the distribution.

Range: [4.1530046579702027e-16,7.499641077778999e-08] contains 95.0% of the distribution.

Range: [4.1530046579702027e-16,1.028012023747674e-07] contains 99.0% of the distribution.

Range: [4.1530046579702027e-16,1.936131822694826e-07] contains 99.99% of the distribution.

Range: [4.1530046579702027e-16,2.749868384110954e-07] contains 100% of the distribution.

###########################################

###### Info about Sampling with num. bins: 188#######:

Mode of the sampling distribution: 9.779395175602001e-15


Range: [9.779395175602001e-15,7.11231463762796e-09] contains 25.0% of the distribution.

Range: [9.779395175602001e-15,2.0151540211054733e-08] contains 50.0% of the distribution.

Range: [9.779395175602001e-15,3.911768649967549e-08] contains 75.0% of the distribution.

Range: [9.779395175602001e-15,5.215691207310226e-08] contains 85.0% of the distribution.

Range: [9.779395175602001e-15,7.586459493387821e-08] contains 95.0% of the distribution.

Range: [9.779395175602001e-15,1.0312843022377055e-07] contains 99.0% of the distribution.

Range: [9.779395175602001e-15,1.8373455195040878e-07] contains 99.99% of the distribution.

Range: [9.779395175602001e-15,2.228522286706891e-07] contains 100% of the distribution.

###########################################

###### Info about PM with num. bins: 258#######:

Mode of the sampling distribution: 3.0989830317250215e-14


Range: [3.0989830317250215e-14,7.279318749853693e-09] contains 25.0% of the distribution.

Range: [3.0989830317250215e-14,1.9758097767036623e-08] contains 50.0% of the distribution.

Range: [3.0989830317250215e-14,4.055606279567484e-08] contains 75.0% of the distribution.

Range: [3.0989830317250215e-14,5.511463831572159e-08] contains 85.0% of the distribution.

Range: [3.0989830317250215e-14,8.319189110438318e-08] contains 95.0% of the distribution.

Range: [3.0989830317250215e-14,1.2270802465879578e-07] contains 99.0% of the distribution.

Range: [3.0989830317250215e-14,2.1421907078480393e-07] contains 99.99% of the distribution.

Range: [3.0989830317250215e-14,2.682937798592633e-07] contains 100% of the distribution.

###########################################

##### DISTANCE MEASURES ######

Measure Distances Abs error
Variational Distance - Golden -> DistrPM : 21564357.821760237
Variational Distance - Golden -> PM : 66460788.0513664
Variational Distance - Golden -> Sampling : 66460788.0513664
AVG Variational Distance - Golden -> DistrPM : 340549.3562499427
AVG Variational Distance - Golden -> PM : 245696.60746774735
AVG Variational Distance - Golden -> Sampling : 164224.43659308107
KL Distance - Golden -> DistrPM : inf
KL Distance - Golden -> PM : inf
KL Distance - Golden -> Sampling : inf
WSS Distance - Golden -> DistrPM : 334791.3762326493
WSS Distance - Golden -> PM : 194691.87674590028
WSS Distance - Golden -> Sampling : 98587.98715688122
##################################