Execution Time:13.371593236923218s 

###### Info about CDF Range Analysis with PAF with gap using INV CDF #######:

Starting range analysis from: 0.0 


Range: [0.0,300.12311546686897] contains 25.0% of the distribution.

Range: [0.0,500.2487437690296] contains 50.0% of the distribution.

Range: [0.0,700.37437189117] contains 75.0% of the distribution.

Range: [0.0,900.1237369843171] contains 85.0% of the distribution.

Range: [0.0,900.3762627063464] contains 95.0% of the distribution.

Range: [0.0,900.4772726437473] contains 99.0% of the distribution.

Range: [0.0,990.0470470326059] contains 99.99% of the distribution.

Range: [0.0,1000.0000596046448] contains 100% of the distribution.

###########################################

##### DISTANCE MEASURES ######

CDF Range Analysis with Sampling model with num. bins: 51
Variational Distance - Golden -> paf : 8.876601219998115e-05
Variational Distance - Golden -> Sampling : 0.2028712519310562
AVG Variational Distance - Golden -> paf : 4.594418627187829e-05
AVG Variational Distance - Golden -> Sampling : 0.01862420360292555
KL Distance - Golden -> paf : 3.026853761178231e-09
KL Distance - Golden -> Sampling : inf
WSS Distance - Golden -> paf : 4.59441862718783e-05
WSS Distance - Golden -> Sampling : 0.018624203602925538
##################################

