Execution Time:45.12412142753601s 

###### Info about Range Analysis on Round(distr) with 1000 bins#######:

Mode of the distribution: -0.9999999580163412


Range: [-1.0000001374747398,-0.5799998945409026] contains 25.0% of the distribution.

Range: [-1.0000001374747398,0.0020001934179196346] contains 50.0% of the distribution.

Range: [-1.0000001374747398,0.5780002804699499] contains 75.0% of the distribution.

Range: [-1.0000001374747398,0.8120003158348371] contains 85.0% of the distribution.

Range: [-1.0000001374747398,0.9700003397136926] contains 95.0% of the distribution.

Range: [-1.0000001374747398,0.9940003433408605] contains 99.0% of the distribution.

Range: [-1.0000001374747398,1.0000001647892578] contains 99.99% of the distribution.

Range: [-1.0000001374747398,1.0000001647892578] contains 100% of the distribution.

###########################################

##### DISTANCE MEASURES ######

Measure Distances Range Analysis
Variational Distance - Golden -> DistrPM : 0.9570332289146732
Variational Distance - Golden -> PM : 0.8443301398701064
Variational Distance - Golden -> Sampling : 2.460575517102618
AVG Variational Distance - Golden -> DistrPM : 0.04227756325149306
AVG Variational Distance - Golden -> PM : 0.038691031285660905
AVG Variational Distance - Golden -> Sampling : 0.0681705816180822
KL Distance - Golden -> DistrPM : 0.016621143207645312
KL Distance - Golden -> PM : 0.014351979693666243
KL Distance - Golden -> Sampling : inf
WSS Distance - Golden -> DistrPM : 0.03401087460560096
WSS Distance - Golden -> PM : 0.0351862705369235
WSS Distance - Golden -> Sampling : 0.05103460180501581
######################################## Info about Abs Error Distribution#######:

Mode of the distribution: 5.014996674946991e-17


Range: [0.0,5.058686040250255e-09] contains 25.0% of the distribution.

Range: [0.0,1.391138652292577e-08] contains 50.0% of the distribution.

Range: [0.0,3.0099181691246706e-08] contains 75.0% of the distribution.

Range: [0.0,4.173415946847738e-08] contains 85.0% of the distribution.

Range: [0.0,6.55099836219486e-08] contains 95.0% of the distribution.

Range: [0.0,1.0041491695363972e-07] contains 99.0% of the distribution.

Range: [0.0,1.9071246187693136e-07] contains 99.99% of the distribution.

Range: [0.0,2.5293429950501434e-07] contains 100% of the distribution.

###########################################

###### Info about Golden with num. bins: 723#######:

Mode of the sampling distribution: 9.85417802044919e-16


Range: [9.85417802044919e-16,4.98607836638187e-09] contains 25.0% of the distribution.

Range: [9.85417802044919e-16,1.3533639590891699e-08] contains 50.0% of the distribution.

Range: [9.85417802044919e-16,2.956031688684763e-08] contains 75.0% of the distribution.

Range: [9.85417802044919e-16,4.131321357054865e-08] contains 85.0% of the distribution.

Range: [9.85417802044919e-16,6.30382650161778e-08] contains 95.0% of the distribution.

Range: [9.85417802044919e-16,8.939324545841644e-08] contains 99.0% of the distribution.

Range: [9.85417802044919e-16,1.6382825778852288e-07] contains 99.99% of the distribution.

Range: [9.85417802044919e-16,2.5749528287377643e-07] contains 100% of the distribution.

###########################################

###### Info about Sampling with num. bins: 106#######:

Mode of the sampling distribution: 5.2921683420074916e-14


Range: [5.2921683420074916e-14,4.774043210693973e-09] contains 25.0% of the distribution.

Range: [5.2921683420074916e-14,1.4322023788715078e-08] contains 50.0% of the distribution.

Range: [5.2921683420074916e-14,3.023532475208359e-08] contains 75.0% of the distribution.

Range: [5.2921683420074916e-14,4.137463542644154e-08] contains 85.0% of the distribution.

Range: [5.2921683420074916e-14,6.365325677515746e-08] contains 95.0% of the distribution.

Range: [5.2921683420074916e-14,9.070586841288392e-08] contains 99.0% of the distribution.

Range: [5.2921683420074916e-14,1.5595040236269482e-07] contains 99.99% of the distribution.

Range: [5.2921683420074916e-14,1.686810431333896e-07] contains 100% of the distribution.

###########################################

###### Info about PM with num. bins: 325#######:

Mode of the sampling distribution: 9.849326215727316e-15


Range: [9.849326215727316e-15,4.669565966046612e-09] contains 25.0% of the distribution.

Range: [9.849326215727316e-15,1.4008678199487404e-08] contains 50.0% of the distribution.

Range: [9.849326215727316e-15,2.9573865255222056e-08] contains 75.0% of the distribution.

Range: [9.849326215727316e-15,4.124775554702305e-08] contains 85.0% of the distribution.

Range: [9.849326215727316e-15,6.537379548341176e-08] contains 95.0% of the distribution.

Range: [9.849326215727316e-15,9.806068830045454e-08] contains 99.0% of the distribution.

Range: [9.849326215727316e-15,1.9067355128207573e-07] contains 99.99% of the distribution.

Range: [9.849326215727316e-15,2.5293429950501434e-07] contains 100% of the distribution.

###########################################

##### DISTANCE MEASURES ######

Measure Distances Abs error
Variational Distance - Golden -> DistrPM : 35768428.44106883
Variational Distance - Golden -> PM : 92941617.06413105
Variational Distance - Golden -> Sampling : 92941617.06413105
AVG Variational Distance - Golden -> DistrPM : 305656.18571213033
AVG Variational Distance - Golden -> PM : 299843.1834408531
AVG Variational Distance - Golden -> Sampling : 324685.94900791213
KL Distance - Golden -> DistrPM : inf
KL Distance - Golden -> PM : inf
KL Distance - Golden -> Sampling : inf
WSS Distance - Golden -> DistrPM : 303269.1521781327
WSS Distance - Golden -> PM : 154466.9150357508
WSS Distance - Golden -> Sampling : 182897.78174531856
##################################