Execution Time:37.245041370391846s 

###### Info about Range Analysis on Round(distr) with 1000 bins#######:

Mode of the distribution: 0.6666666788488375


Range: [0.624666792493609,0.6666667431437351] contains 25.0% of the distribution.

Range: [0.5141670914875913,0.6666667431437351] contains 50.0% of the distribution.

Range: [0.3516675311846406,0.6666667431437351] contains 75.0% of the distribution.

Range: [0.277667731415913,0.6666667431437351] contains 85.0% of the distribution.

Range: [0.20266793435301075,0.6666667431437351] contains 95.0% of the distribution.

Range: [0.1736680128220213,0.6666667431437351] contains 99.0% of the distribution.

Range: [0.16666809605772073,0.6666667431437351] contains 99.99% of the distribution.

Range: [0.16666809605772073,0.6666667431437351] contains 100% of the distribution.

###########################################

##### DISTANCE MEASURES ######

Measure Distances Range Analysis
Variational Distance - Golden -> DistrPM : 5.376584265116486
Variational Distance - Golden -> PM : 5.668336901942489
Variational Distance - Golden -> Sampling : 9.654014181771725
AVG Variational Distance - Golden -> DistrPM : 0.12234615750216912
AVG Variational Distance - Golden -> PM : 0.13800172483394285
AVG Variational Distance - Golden -> Sampling : 0.2227962835471514
KL Distance - Golden -> DistrPM : inf
KL Distance - Golden -> PM : inf
KL Distance - Golden -> Sampling : inf
WSS Distance - Golden -> DistrPM : 0.10181083800207669
WSS Distance - Golden -> PM : 0.1296500226255816
WSS Distance - Golden -> Sampling : 0.2081010086954154
######################################## Info about Abs Error Distribution#######:

Mode of the distribution: 5.5553284356188145e-09


Range: [8.161989418106404e-10,1.029445792942698e-08] contains 25.0% of the distribution.

Range: [0.0,1.9644632336129554e-08] contains 50.0% of the distribution.

Range: [0.0,3.296542875115796e-08] contains 75.0% of the distribution.

Range: [0.0,4.090667276780966e-08] contains 85.0% of the distribution.

Range: [0.0,5.3971300021010854e-08] contains 95.0% of the distribution.

Range: [0.0,6.882911140700437e-08] contains 99.0% of the distribution.

Range: [0.0,1.0712640110021178e-07] contains 99.99% of the distribution.

Range: [0.0,1.2808458091373431e-07] contains 100% of the distribution.

###########################################

###### Info about Golden with num. bins: 353#######:

Mode of the sampling distribution: 2.521159062129436e-09


Range: [7.438494264988549e-15,9.72444941537278e-09] contains 25.0% of the distribution.

Range: [7.438494264988549e-15,1.9809055909913464e-08] contains 50.0% of the distribution.

Range: [7.438494264988549e-15,3.385547209873799e-08] contains 75.0% of the distribution.

Range: [7.438494264988549e-15,4.1779091487305664e-08] contains 85.0% of the distribution.

Range: [7.438494264988549e-15,5.4745014123143684e-08] contains 95.0% of the distribution.

Range: [7.438494264988549e-15,6.663044320599521e-08] contains 99.0% of the distribution.

Range: [7.438494264988549e-15,9.940541431325243e-08] contains 99.99% of the distribution.

Range: [7.438494264988549e-15,1.271380821732393e-07] contains 100% of the distribution.

###########################################

###### Info about Sampling with num. bins: 65#######:

Mode of the sampling distribution: 5.065598451814423e-09


Range: [3.1863955918254305e-12,1.1815481193444554e-08] contains 25.0% of the distribution.

Range: [3.1863955918254305e-12,2.0252834620482216e-08] contains 50.0% of the distribution.

Range: [3.1863955918254305e-12,3.544007078915001e-08] contains 75.0% of the distribution.

Range: [3.1863955918254305e-12,4.2189953530780144e-08] contains 85.0% of the distribution.

Range: [3.1863955918254305e-12,5.56897190140404e-08] contains 95.0% of the distribution.

Range: [3.1863955918254305e-12,6.750201381189314e-08] contains 99.0% of the distribution.

Range: [3.1863955918254305e-12,1.0125142752004379e-07] contains 99.99% of the distribution.

Range: [3.1863955918254305e-12,1.0968878094708145e-07] contains 100% of the distribution.

###########################################

###### Info about PM with num. bins: 172#######:

Mode of the sampling distribution: 1.4893601458710028e-09


Range: [4.6074255521944e-15,9.680815607320982e-09] contains 25.0% of the distribution.

Range: [4.6074255521944e-15,2.0106304376439136e-08] contains 50.0% of the distribution.

Range: [4.6074255521944e-15,3.351050422244819e-08] contains 75.0% of the distribution.

Range: [4.6074255521944e-15,4.0957281914675444e-08] contains 85.0% of the distribution.

Range: [4.6074255521944e-15,5.43614817606845e-08] contains 95.0% of the distribution.

Range: [4.6074255521944e-15,6.925503714513901e-08] contains 99.0% of the distribution.

Range: [4.6074255521944e-15,1.07233603375498e-07] contains 99.99% of the distribution.

Range: [4.6074255521944e-15,1.2808458091373431e-07] contains 100% of the distribution.

###########################################

##### DISTANCE MEASURES ######

Measure Distances Abs error
Variational Distance - Golden -> DistrPM : 1867591.3095591217
Variational Distance - Golden -> PM : 2190179.654663954
Variational Distance - Golden -> Sampling : 26458741.80035369
AVG Variational Distance - Golden -> DistrPM : 358825.8648810326
AVG Variational Distance - Golden -> PM : 352569.2636607702
AVG Variational Distance - Golden -> Sampling : 342520.4950077017
KL Distance - Golden -> DistrPM : 0.0031947354024816524
KL Distance - Golden -> PM : inf
KL Distance - Golden -> Sampling : inf
WSS Distance - Golden -> DistrPM : 351298.54789537896
WSS Distance - Golden -> PM : 338800.13967486465
WSS Distance - Golden -> Sampling : 217594.69458128122
##################################