Execution Time:21.811296224594116s 

###### Info about PDF Range Analysis with FPPM with gaps: 1000#######:

Starting range analysis from: -0.08637792723120694


Range: [-0.1258767932023006,-0.04687906126011385] contains 25.0% of the distribution.

Range: [-0.15537594626931753,-0.017379908193095407] contains 50.0% of the distribution.

Range: [-0.16666188173456892,-0.0023803388369841765] contains 75.0% of the distribution.

Range: [-0.16666188173456892,-0.0013803675465767634] contains 85.0% of the distribution.

Range: [-0.16666188173456892,-0.0003803962561693499] contains 95.0% of the distribution.

Range: [-0.16666188173456892,-4.707249270021206e-05] contains 99.0% of the distribution.

Range: [-0.16666188173456892,-7.27550640441503e-18] contains 99.99% of the distribution.

Range: [-0.16666188173456892,-7.27550640441503e-18] contains 100% of the distribution.

###########################################

##### DISTANCE MEASURES ######

PDF Measure Distances Range Analysis
Variational Distance - Golden -> DistrPM : 201.83638287330166
Variational Distance - Golden -> PM : 195.63146239130248
Variational Distance - Golden -> Sampling : 222.9777351984385
AVG Variational Distance - Golden -> DistrPM : 1.7755631102255833
AVG Variational Distance - Golden -> PM : 1.1204191707819215
AVG Variational Distance - Golden -> Sampling : 1.4157750129325026
KL Distance - Golden -> DistrPM : inf
KL Distance - Golden -> PM : inf
KL Distance - Golden -> Sampling : inf
WSS Distance - Golden -> DistrPM : 1.1386292339105144
WSS Distance - Golden -> PM : 1.1042173596291007
WSS Distance - Golden -> Sampling : 1.3759877983639048
##################################

###### Info about PDF Error Analysis with FPPM#######:

Starting range analysis from: 0.0


Range: [0.0,7.58931015809594e-10] contains 25.0% of the distribution.

Range: [0.0,2.1344934819644823e-09] contains 50.0% of the distribution.

Range: [0.0,5.834282184036251e-09] contains 75.0% of the distribution.

Range: [0.0,9.012305812738952e-09] contains 85.0% of the distribution.

Range: [0.0,1.5984984520489714e-08] contains 95.0% of the distribution.

Range: [0.0,2.438065888288349e-08] contains 99.0% of the distribution.

Range: [0.0,3.9986177895468526e-08] contains 99.99% of the distribution.

Range: [0.0,4.743318848809963e-08] contains 100% of the distribution.

###########################################

##### DISTANCE MEASURES ######

PDF Measure Distances Abs Error

Variational Distance - Golden -> DistrPM : 5561643717.762963
Variational Distance - Golden -> PM : 5937309046.098057
Variational Distance - Golden -> Sampling : 5937309046.098057
AVG Variational Distance - Golden -> DistrPM : 13920207.10990224
AVG Variational Distance - Golden -> PM : 10208721.023941934
AVG Variational Distance - Golden -> Sampling : 9796791.608552128
KL Distance - Golden -> DistrPM : 0.3843313960373719
KL Distance - Golden -> PM : inf
KL Distance - Golden -> Sampling : inf
WSS Distance - Golden -> DistrPM : 13920207.10990225
WSS Distance - Golden -> PM : 7580821.379600076
WSS Distance - Golden -> Sampling : 7519648.221936647
##################################

