Execution Time:11.117578983306885s 

###### Info about PDF Range Analysis with PAF with gaps: 1000#######:

Starting range analysis from: 0.37210941147394205


Range: [0.0,1.3721094710785868] contains 25.0% of the distribution.

Range: [0.0,1.3721094710785868] contains 50.0% of the distribution.

Range: [0.0,1000.0000596046448] contains 75.0% of the distribution.

Range: [0.0,1000.0000596046448] contains 85.0% of the distribution.

Range: [0.0,1000.0000596046448] contains 95.0% of the distribution.

Range: [0.0,1000.0000596046448] contains 99.0% of the distribution.

Range: [0.0,1000.0000596046448] contains 99.99% of the distribution.

Range: [0.0,1000.0000596046448] contains 100% of the distribution.

###########################################

##### DISTANCE MEASURES ######

PDF Measure Distances Range Analysis
Variational Distance - Golden -> paf : 0.8774972044672067
Variational Distance - Golden -> Sampling : 0.1225028097821992
AVG Variational Distance - Golden -> paf : 0.004080648510572707
AVG Variational Distance - Golden -> Sampling : 0.0018968678317228995
KL Distance - Golden -> paf : 6.2015891041827755
KL Distance - Golden -> Sampling : inf
WSS Distance - Golden -> paf : 0.004080648510571995
WSS Distance - Golden -> Sampling : 0.0018144649058441447
##################################

