Execution Time:13.263663530349731s 

###### Info about PDF Range Analysis with PAF with gaps: 1000#######:

Starting range analysis from: 900.312978030749


Range: [899.3129779711444,901.3129780903537] contains 25.0% of the distribution.

Range: [499.3129541292865,1000.0000596046448] contains 50.0% of the distribution.

Range: [100.31293034703322,1000.0000596046448] contains 75.0% of the distribution.

Range: [99.31293028742857,1000.0000596046448] contains 85.0% of the distribution.

Range: [99.31293028742857,1000.0000596046448] contains 95.0% of the distribution.

Range: [99.31293028742857,1000.0000596046448] contains 99.0% of the distribution.

Range: [9.312924923010542,1000.0000596046448] contains 99.99% of the distribution.

Range: [0.0,1000.0000596046448] contains 100% of the distribution.

###########################################

##### DISTANCE MEASURES ######

PDF Measure Distances Range Analysis
Variational Distance - Golden -> paf : 0.3099515684944615
Variational Distance - Golden -> Sampling : 0.09722848668559479
AVG Variational Distance - Golden -> paf : 0.001736539708817328
AVG Variational Distance - Golden -> Sampling : 0.0018107682842706738
KL Distance - Golden -> paf : 8.325504987115337
KL Distance - Golden -> Sampling : inf
WSS Distance - Golden -> paf : 0.0013418634591237533
WSS Distance - Golden -> Sampling : 0.0017279827925583554
##################################

