Execution Time:13.522655725479126s 

###### Info about PDF Range Analysis with PAF with gaps: 1000#######:

Starting range analysis from: 700.1208273966805


Range: [500.12081547575156,900.1208393176095] contains 25.0% of the distribution.

Range: [499.1208154161469,901.1208393772141] contains 50.0% of the distribution.

Range: [300.1208035548226,1000.0000596046448] contains 75.0% of the distribution.

Range: [100.12079163389365,1000.0000596046448] contains 85.0% of the distribution.

Range: [100.12079163389365,1000.0000596046448] contains 95.0% of the distribution.

Range: [99.120791574289,1000.0000596046448] contains 99.0% of the distribution.

Range: [9.120786209870971,1000.0000596046448] contains 99.99% of the distribution.

Range: [0.0,1000.0000596046448] contains 100% of the distribution.

###########################################

##### DISTANCE MEASURES ######

PDF Measure Distances Range Analysis
Variational Distance - Golden -> paf : 0.3731074335029433
Variational Distance - Golden -> Sampling : 0.0919753330615326
AVG Variational Distance - Golden -> paf : 0.0016781649919043098
AVG Variational Distance - Golden -> Sampling : 0.001790940606334941
KL Distance - Golden -> paf : 8.86308045591073
KL Distance - Golden -> Sampling : inf
WSS Distance - Golden -> paf : 0.0013694526858937964
WSS Distance - Golden -> Sampling : 0.0017470793490330157
##################################

