Execution Time:13.522655725479126s 

###### Info about CDF Range Analysis with PAF with gap using INV CDF #######:

Starting range analysis from: 0.0 


Range: [0.0,300.12311546686897] contains 25.0% of the distribution.

Range: [0.0,500.2487437690296] contains 50.0% of the distribution.

Range: [0.0,700.37437189117] contains 75.0% of the distribution.

Range: [0.0,900.1237369843171] contains 85.0% of the distribution.

Range: [0.0,900.3762627063464] contains 95.0% of the distribution.

Range: [0.0,900.4772726437473] contains 99.0% of the distribution.

Range: [0.0,990.0470470326059] contains 99.99% of the distribution.

Range: [0.0,1000.0000596046448] contains 100% of the distribution.

###########################################

##### DISTANCE MEASURES ######

CDF Range Analysis with Sampling model with num. bins: 52
Variational Distance - Golden -> paf : 5.85432944300579e-05
Variational Distance - Golden -> Sampling : 0.20311047891670514
AVG Variational Distance - Golden -> paf : 1.4464981952860354e-05
AVG Variational Distance - Golden -> Sampling : 0.013719619186204096
KL Distance - Golden -> paf : 1.5480583444420904e-09
KL Distance - Golden -> Sampling : inf
WSS Distance - Golden -> paf : 1.4464981952860355e-05
WSS Distance - Golden -> Sampling : 0.013719619186204098
##################################

