Execution Time:297.2015874385834s 

###### Info about Range Analysis on Round(distr) with 1000 bins#######:

Mode of the distribution: -0.09195745902689707


Range: [-0.4587798905826459,0.2748649725288517] contains 25.0% of the distribution.

Range: [-0.8566889688804041,0.6727740508266117] contains 50.0% of the distribution.

Range: [-1.3540753167526016,1.1701603986988092] contains 75.0% of the distribution.

Range: [-1.6338551374307126,1.4499402193769202] contains 85.0% of the distribution.

Range: [-2.087720179864096,1.9038052618103003] contains 95.0% of the distribution.

Range: [-2.5167159049038816,2.3328009868500823] contains 99.0% of the distribution.

Range: [-3.101417582401937,2.935881933645143] contains 99.99% of the distribution.

Range: [-3.101417582401937,3.115911766000584] contains 100% of the distribution.

###########################################

##### DISTANCE MEASURES ######

Measure Distances Range Analysis
Variational Distance - Golden -> DistrPM : 0.013583273437158594
Variational Distance - Golden -> PM : 0.016765616278874462
Variational Distance - Golden -> Sampling : 0.013515230597605205
AVG Variational Distance - Golden -> DistrPM : 0.003098692256752006
AVG Variational Distance - Golden -> PM : 0.0029267245005153153
AVG Variational Distance - Golden -> Sampling : 0.0030185253273549164
KL Distance - Golden -> DistrPM : inf
KL Distance - Golden -> PM : inf
KL Distance - Golden -> Sampling : inf
WSS Distance - Golden -> DistrPM : 0.001857045212146627
WSS Distance - Golden -> PM : 0.0017809788490483233
WSS Distance - Golden -> Sampling : 0.001707628877320321
######################################## Info about Abs Error Distribution#######:

Mode of the distribution: 2.0802053563588302e-15


Range: [0.0,6.785620110259232e-08] contains 25.0% of the distribution.

Range: [0.0,1.4502599606922824e-07] contains 50.0% of the distribution.

Range: [0.0,2.567891474002178e-07] contains 75.0% of the distribution.

Range: [0.0,3.2863688754156946e-07] contains 85.0% of the distribution.

Range: [0.0,4.6301877188002347e-07] contains 95.0% of the distribution.

Range: [0.0,6.306634988765106e-07] contains 99.0% of the distribution.

Range: [0.0,1.0657414808435755e-06] contains 99.99% of the distribution.

Range: [0.0,1.3305137063213124e-06] contains 100% of the distribution.

###########################################

###### Info about Golden with num. bins: 545#######:

Mode of the sampling distribution: 2.5979218776228663e-14


Range: [2.5979218776228663e-14,7.025480730464054e-08] contains 25.0% of the distribution.

Range: [2.5979218776228663e-14,1.5131801652628104e-07] contains 50.0% of the distribution.

Range: [2.5979218776228663e-14,2.648065094365777e-07] contains 75.0% of the distribution.

Range: [2.5979218776228663e-14,3.377633977360542e-07] contains 85.0% of the distribution.

Range: [2.5979218776228663e-14,4.7286874643878835e-07] contains 95.0% of the distribution.

Range: [2.5979218776228663e-14,6.431014858042333e-07] contains 99.0% of the distribution.

Range: [2.5979218776228663e-14,1.0781407086270375e-06] contains 99.99% of the distribution.

Range: [2.5979218776228663e-14,1.4726483268390211e-06] contains 100% of the distribution.

###########################################

###### Info about Sampling with num. bins: 200#######:

Mode of the sampling distribution: 6.224536088783594e-09


Range: [1.2034817586936697e-13,7.469310923546857e-08] contains 25.0% of the distribution.

Range: [1.2034817586936697e-13,1.55610513863369e-07] contains 50.0% of the distribution.

Range: [1.2034817586936697e-13,2.6764999719430807e-07] contains 75.0% of the distribution.

Range: [1.2034817586936697e-13,3.4234298608160073e-07] contains 85.0% of the distribution.

Range: [1.2034817586936697e-13,4.792801323749707e-07] contains 95.0% of the distribution.

Range: [1.2034817586936697e-13,6.473393573713792e-07] contains 99.0% of the distribution.

Range: [1.2034817586936697e-13,1.0519263805108814e-06] contains 99.99% of the distribution.

Range: [1.2034817586936697e-13,1.2448832684697209e-06] contains 100% of the distribution.

###########################################

###### Info about PM with num. bins: 221#######:

Mode of the sampling distribution: 3.6980696282995495e-12


Range: [3.6980696282995495e-12,7.224858539551161e-08] contains 25.0% of the distribution.

Range: [3.6980696282995495e-12,1.5051387999855185e-07] contains 50.0% of the distribution.

Range: [3.6980696282995495e-12,2.588812109873768e-07] contains 75.0% of the distribution.

Range: [3.6980696282995495e-12,3.311260983132601e-07] contains 85.0% of the distribution.

Range: [3.6980696282995495e-12,4.635750584107128e-07] contains 95.0% of the distribution.

Range: [3.6980696282995495e-12,6.321464621711073e-07] contains 99.0% of the distribution.

Range: [3.6980696282995495e-12,1.065615786126407e-06] contains 99.99% of the distribution.

Range: [3.6980696282995495e-12,1.3305137063213124e-06] contains 100% of the distribution.

###########################################

##### DISTANCE MEASURES ######

Measure Distances Abs error
Variational Distance - Golden -> DistrPM : 198993.49287547776
Variational Distance - Golden -> PM : 3725622.738216282
Variational Distance - Golden -> Sampling : 3725622.738216282
AVG Variational Distance - Golden -> DistrPM : 19544.8583857602
AVG Variational Distance - Golden -> PM : 28117.61569412817
AVG Variational Distance - Golden -> Sampling : 20142.288216356723
KL Distance - Golden -> DistrPM : inf
KL Distance - Golden -> PM : inf
KL Distance - Golden -> Sampling : inf
WSS Distance - Golden -> DistrPM : 19332.68210588348
WSS Distance - Golden -> PM : 21331.824101501777
WSS Distance - Golden -> Sampling : 10878.790165245708
##################################