Execution Time:10.203299283981323s 

###### Info about CDF Range Analysis with PAF with gap using INV CDF #######:

Starting range analysis from: 0.0 


Range: [0.0,0.2500000000177038] contains 25.0% of the distribution.

Range: [0.0,0.5209854924572218] contains 50.0% of the distribution.

Range: [0.0,999.7494986535423] contains 75.0% of the distribution.

Range: [0.0,999.8496989754829] contains 85.0% of the distribution.

Range: [0.0,999.9498997231245] contains 95.0% of the distribution.

Range: [0.0,999.989980259071] contains 99.0% of the distribution.

Range: [0.0,999.9998995500973] contains 99.99% of the distribution.

Range: [0.0,1000.0000596046448] contains 100% of the distribution.

###########################################

##### DISTANCE MEASURES ######

CDF Range Analysis with Sampling model with num. bins: 20
Variational Distance - Golden -> paf : 0.00010626661807666693
Variational Distance - Golden -> Sampling : 0.5001502064124315
AVG Variational Distance - Golden -> paf : 0.00010335316120409895
AVG Variational Distance - Golden -> Sampling : 0.027150221655170524
KL Distance - Golden -> paf : 2.3258245646218268e-10
KL Distance - Golden -> Sampling : inf
WSS Distance - Golden -> paf : 0.00010335316120409896
WSS Distance - Golden -> Sampling : 0.02715022165517052
##################################

