Execution Time:138.45010685920715s 

###### Info about Range Analysis on Round(distr) with 1000 bins#######:

Mode of the distribution: 3.16779512166704


Range: [2.735356082090944,3.6002341612431357] contains 25.0% of the distribution.

Range: [2.264760656669899,4.070829586664181] contains 50.0% of the distribution.

Range: [1.6415396878690613,4.694050555465025] contains 75.0% of the distribution.

Range: [1.2726946247012214,5.062895618632871] contains 85.0% of the distribution.

Range: [0.611317270055436,5.724272973278665] contains 95.0% of the distribution.

Range: [-0.2026856279701458,6.538275871304257] contains 99.0% of the distribution.

Range: [-1.945160581556154,8.280750824890289] contains 99.99% of the distribution.

Range: [-3.3877036838187817,9.33109159783093] contains 100% of the distribution.

###########################################

##### DISTANCE MEASURES ######

Measure Distances Range Analysis
Variational Distance - Golden -> DistrPM : 0.0183916032057396
Variational Distance - Golden -> PM : 0.014734214252337563
Variational Distance - Golden -> Sampling : 0.02387966721335702
AVG Variational Distance - Golden -> DistrPM : 0.0019850919210403547
AVG Variational Distance - Golden -> PM : 0.0020998642895919887
AVG Variational Distance - Golden -> Sampling : 0.0036225256029492415
KL Distance - Golden -> DistrPM : 0.0012900753270883667
KL Distance - Golden -> PM : inf
KL Distance - Golden -> Sampling : inf
WSS Distance - Golden -> DistrPM : 0.0013500650043475036
WSS Distance - Golden -> PM : 0.0011705902812565692
WSS Distance - Golden -> Sampling : 0.0022172851294223663
######################################## Info about Abs Error Distribution#######:

Mode of the distribution: 1.8426154790729312e-08


Range: [0.0,5.086354191017316e-08] contains 25.0% of the distribution.

Range: [0.0,1.0762896936920014e-07] contains 50.0% of the distribution.

Range: [0.0,1.8669510047284406e-07] contains 75.0% of the distribution.

Range: [0.0,2.383921861944573e-07] contains 85.0% of the distribution.

Range: [0.0,3.3773168424775334e-07] contains 95.0% of the distribution.

Range: [0.0,4.6849490107301035e-07] contains 99.0% of the distribution.

Range: [0.0,7.908414355724975e-07] contains 99.99% of the distribution.

Range: [0.0,1.0136683474826214e-06] contains 100% of the distribution.

###########################################

###### Info about Golden with num. bins: 353#######:

Mode of the sampling distribution: 6.638481839780961e-09


Range: [5.773159728050814e-13,5.6422765768342134e-08] contains 25.0% of the distribution.

Range: [5.773159728050814e-13,1.1616390648261553e-07] contains 50.0% of the distribution.

Range: [5.773159728050814e-13,2.0245666529212157e-07] contains 75.0% of the distribution.

Range: [5.773159728050814e-13,2.588788537444909e-07] contains 85.0% of the distribution.

Range: [5.773159728050814e-13,3.7172323064922954e-07] contains 95.0% of the distribution.

Range: [5.773159728050814e-13,5.243950346968172e-07] contains 99.0% of the distribution.

Range: [5.773159728050814e-13,8.762039744586494e-07] contains 99.99% of the distribution.

Range: [5.773159728050814e-13,1.1715907257681124e-06] contains 100% of the distribution.

###########################################

###### Info about Sampling with num. bins: 97#######:

Mode of the sampling distribution: 1.9638618731221413e-08


Range: [8.356870750958478e-12,5.889914245216232e-08] contains 25.0% of the distribution.

Range: [8.356870750958478e-12,1.1778992803357369e-07] contains 50.0% of the distribution.

Range: [8.356870750958478e-12,2.0612610640569073e-07] contains 75.0% of the distribution.

Range: [8.356870750958478e-12,2.650168919871021e-07] contains 85.0% of the distribution.

Range: [8.356870750958478e-12,3.729833322196896e-07] contains 95.0% of the distribution.

Range: [8.356870750958478e-12,5.300254271034532e-07] contains 99.0% of the distribution.

Range: [8.356870750958478e-12,8.539247478012157e-07] contains 99.99% of the distribution.

Range: [8.356870750958478e-12,9.52076057103568e-07] contains 100% of the distribution.

###########################################

###### Info about PM with num. bins: 236#######:

Mode of the sampling distribution: 1.2886820088443571e-08


Range: [1.2210232824827472e-12,5.1543617283926835e-08] contains 25.0% of the distribution.

Range: [1.2210232824827472e-12,1.073812132329582e-07] contains 50.0% of the distribution.

Range: [1.2210232824827472e-12,1.8899000731231177e-07] contains 75.0% of the distribution.

Range: [1.2210232824827472e-12,2.405324035729561e-07] contains 85.0% of the distribution.

Range: [1.2210232824827472e-12,3.3502679671747076e-07] contains 95.0% of the distribution.

Range: [1.2210232824827472e-12,4.6817798705746865e-07] contains 99.0% of the distribution.

Range: [1.2210232824827472e-12,7.860227639981089e-07] contains 99.99% of the distribution.

Range: [1.2210232824827472e-12,1.0136683474826214e-06] contains 100% of the distribution.

###########################################

##### DISTANCE MEASURES ######

Measure Distances Abs error
Variational Distance - Golden -> DistrPM : 366298.1153500527
Variational Distance - Golden -> PM : 4800848.054906307
Variational Distance - Golden -> Sampling : 4800848.054906307
AVG Variational Distance - Golden -> DistrPM : 59320.51336390973
AVG Variational Distance - Golden -> PM : 74908.5291079807
AVG Variational Distance - Golden -> Sampling : 46600.08286812285
KL Distance - Golden -> DistrPM : inf
KL Distance - Golden -> PM : inf
KL Distance - Golden -> Sampling : inf
WSS Distance - Golden -> DistrPM : 58965.281377482475
WSS Distance - Golden -> PM : 60249.20606542941
WSS Distance - Golden -> Sampling : 25066.042165998297
##################################