Execution Time:279.0816309452057s 

###### Info about  CDF Range Analysis with FPPM #######:

Starting range analysis from: -42.174675354746924


Range: [-42.174675354746924,0.790779688275861] contains 25.0% of the distribution.

Range: [-42.174675354746924,3.052119427382329] contains 50.0% of the distribution.

Range: [-42.174675354746924,8.422801307760189] contains 75.0% of the distribution.

Range: [-42.174675354746924,13.228148253361418] contains 85.0% of the distribution.

Range: [-42.174675354746924,24.252179481505415] contains 95.0% of the distribution.

Range: [-42.174675354746924,41.49489499219218] contains 99.0% of the distribution.

Range: [-42.174675354746924,98.31105593724202] contains 99.99% of the distribution.

Range: [-42.174675354746924,240.4927920335615] contains 100% of the distribution.

###########################################

##### DISTANCE MEASURES ######

CDF Measure Distances Range Analysis
Variational Distance - Golden -> DistrPM : 0.047078557102170404
Variational Distance - Golden -> PM : 0.020702194346040897
Variational Distance - Golden -> Sampling : 0.03720303962767041
AVG Variational Distance - Golden -> DistrPM : 0.001448442253213905
AVG Variational Distance - Golden -> PM : 0.00031685770107681507
AVG Variational Distance - Golden -> Sampling : 0.00071908614497899
KL Distance - Golden -> DistrPM : inf
KL Distance - Golden -> PM : inf
KL Distance - Golden -> Sampling : inf
WSS Distance - Golden -> DistrPM : 0.0014036398133573495
WSS Distance - Golden -> PM : 0.00031685770107681534
WSS Distance - Golden -> Sampling : 0.0007190861449789917
##################################

###### Info about CDF Error Analysis with FPPM#######:

Starting range analysis from: 0.0


Range: [0.0,8.204158682190154e-08] contains 25.0% of the distribution.

Range: [0.0,1.8049149100818335e-07] contains 50.0% of the distribution.

Range: [0.0,3.28166347287606e-07] contains 75.0% of the distribution.

Range: [0.0,8.696408203121557e-07] contains 85.0% of the distribution.

Range: [0.0,1.6900566885311751e-06] contains 95.0% of the distribution.

Range: [0.0,2.5761058262077166e-06] contains 99.0% of the distribution.

Range: [0.0,4.085671023730707e-06] contains 99.99% of the distribution.

Range: [0.0,1.640831736438031e-05] contains 100% of the distribution.

###########################################

##### DISTANCE MEASURES ######

Measure Distances Abs Error Analysis


Variational Distance - Golden -> DistrPM : 0.18291249229827483
Variational Distance - Golden -> PM : 0.06941643241059253
Variational Distance - Golden -> Sampling : 0.06941643241059253
AVG Variational Distance - Golden -> DistrPM : 0.004248348660840003
AVG Variational Distance - Golden -> PM : 0.0013260530741552572
AVG Variational Distance - Golden -> Sampling : 0.0004912603175798626
KL Distance - Golden -> DistrPM : 0.0007480233213234953
KL Distance - Golden -> PM : inf
KL Distance - Golden -> Sampling : inf
WSS Distance - Golden -> DistrPM : 0.0032109138111975077
WSS Distance - Golden -> PM : 0.0013260530741552566
WSS Distance - Golden -> Sampling : 0.0004912603175798628
##################################

