Execution Time:18.14803981781006s 

###### Info about  CDF Range Analysis with FPPM #######:

Starting range analysis from: -0.1666635481928531


Range: [-0.1666635481928531,-0.0544989802590618] contains 25.0% of the distribution.

Range: [-0.1666635481928531,-0.013833074500006117] contains 50.0% of the distribution.

Range: [-0.1666635481928531,-0.0016666354819278376] contains 75.0% of the distribution.

Range: [-0.1666635481928531,-0.000999981289156425] contains 85.0% of the distribution.

Range: [-0.1666635481928531,-0.00033332709638501245] contains 95.0% of the distribution.

Range: [-0.1666635481928531,-4.500240824725841e-19] contains 99.0% of the distribution.

Range: [-0.1666635481928531,-4.500240824725841e-19] contains 99.99% of the distribution.

Range: [-0.1666635481928531,-4.500240824725841e-19] contains 100% of the distribution.

###########################################

##### DISTANCE MEASURES ######

CDF Measure Distances Range Analysis
Variational Distance - Golden -> DistrPM : 0.09046110080081293
Variational Distance - Golden -> PM : 0.1813092340705479
Variational Distance - Golden -> Sampling : 0.3267749389320689
AVG Variational Distance - Golden -> DistrPM : 0.005675266139686345
AVG Variational Distance - Golden -> PM : 0.002862270608823179
AVG Variational Distance - Golden -> Sampling : 0.014448395700153467
KL Distance - Golden -> DistrPM : inf
KL Distance - Golden -> PM : inf
KL Distance - Golden -> Sampling : inf
WSS Distance - Golden -> DistrPM : 0.005675266139686344
WSS Distance - Golden -> PM : 0.0028622706088231773
WSS Distance - Golden -> Sampling : 0.01444839570015346
##################################

###### Info about CDF Error Analysis with FPPM#######:

Starting range analysis from: 0.0


Range: [0.0,6.007675723562756e-10] contains 25.0% of the distribution.

Range: [0.0,1.6636640465250722e-09] contains 50.0% of the distribution.

Range: [0.0,4.806140578850212e-09] contains 75.0% of the distribution.

Range: [0.0,7.671339770087836e-09] contains 85.0% of the distribution.

Range: [0.0,1.418735728564426e-08] contains 95.0% of the distribution.

Range: [0.0,2.3614786882619824e-08] contains 99.0% of the distribution.

Range: [0.0,3.918853087370137e-08] contains 99.99% of the distribution.

Range: [0.0,4.6212890181251964e-08] contains 100% of the distribution.

###########################################

##### DISTANCE MEASURES ######

Measure Distances Abs Error Analysis


Variational Distance - Golden -> DistrPM : 0.274587426501597
Variational Distance - Golden -> PM : 0.2021325733498598
Variational Distance - Golden -> Sampling : 0.2021325733498598
AVG Variational Distance - Golden -> DistrPM : 0.039361447418753776
AVG Variational Distance - Golden -> PM : 0.008075802084274185
AVG Variational Distance - Golden -> Sampling : 0.002374501180472486
KL Distance - Golden -> DistrPM : 0.017171803513987113
KL Distance - Golden -> PM : inf
KL Distance - Golden -> Sampling : inf
WSS Distance - Golden -> DistrPM : 0.03936144741875378
WSS Distance - Golden -> PM : 0.008075802084274187
WSS Distance - Golden -> Sampling : 0.0023745011804724866
##################################

