Execution Time:110.94092655181885s 

###### Info about Range Analysis on Round(distr) with 1000 bins#######:

Mode of the distribution: 3.929340374474995


Range: [2.0856277425757357,5.773053006374254] contains 25.0% of the distribution.

Range: [0.046698479063629394,7.811982269886376] contains 50.0% of the distribution.

Range: [-2.751406574054054,10.610087323003969] contains 75.0% of the distribution.

Range: [-4.226376679573461,11.830915201762053] contains 85.0% of the distribution.

Range: [-6.178542995702088,11.830915201762053] contains 95.0% of the distribution.

Range: [-7.783657522296737,11.830915201762053] contains 99.0% of the distribution.

Range: [-9.540607206812439,11.830915201762053] contains 99.99% of the distribution.

Range: [-9.859821644111447,11.830915201762053] contains 100% of the distribution.

###########################################

##### DISTANCE MEASURES ######

Measure Distances Range Analysis
Variational Distance - Golden -> DistrPM : 0.0038302814548964795
Variational Distance - Golden -> PM : 0.004310587376609179
Variational Distance - Golden -> Sampling : 0.004361748030328502
AVG Variational Distance - Golden -> DistrPM : 0.0008816071157953684
AVG Variational Distance - Golden -> PM : 0.0008957622140949206
AVG Variational Distance - Golden -> Sampling : 0.0011047431887935687
KL Distance - Golden -> DistrPM : inf
KL Distance - Golden -> PM : inf
KL Distance - Golden -> Sampling : inf
WSS Distance - Golden -> DistrPM : 0.0005425909060577671
WSS Distance - Golden -> PM : 0.0005259307068292701
WSS Distance - Golden -> Sampling : 0.0006345772825717596
######################################## Info about Abs Error Distribution#######:

Mode of the distribution: 4.842886853444429e-15


Range: [0.0,9.701224862067008e-08] contains 25.0% of the distribution.

Range: [0.0,2.0894945297965033e-07] contains 50.0% of the distribution.

Range: [0.0,3.6939277922752366e-07] contains 75.0% of the distribution.

Range: [0.0,4.7200188322325686e-07] contains 85.0% of the distribution.

Range: [0.0,6.734888510694183e-07] contains 95.0% of the distribution.

Range: [0.0,9.290788010224192e-07] contains 99.0% of the distribution.

Range: [0.0,1.4850335826720425e-06] contains 99.99% of the distribution.

Range: [0.0,1.8656200726496763e-06] contains 100% of the distribution.

###########################################

###### Info about Golden with num. bins: 627#######:

Mode of the sampling distribution: 5.773159728050814e-14


Range: [5.773159728050814e-14,1.0434937233273866e-07] contains 25.0% of the distribution.

Range: [5.773159728050814e-14,2.226119288806989e-07] contains 50.0% of the distribution.

Range: [5.773159728050814e-14,3.9304914272922983e-07] contains 75.0% of the distribution.

Range: [5.773159728050814e-14,5.008767678170759e-07] contains 85.0% of the distribution.

Range: [5.773159728050814e-14,7.165320179927681e-07] contains 95.0% of the distribution.

Range: [5.773159728050814e-14,9.913185464424403e-07] contains 99.0% of the distribution.

Range: [5.773159728050814e-14,1.5826313291822416e-06] contains 99.99% of the distribution.

Range: [5.773159728050814e-14,2.180900732895452e-06] contains 100% of the distribution.

###########################################

###### Info about Sampling with num. bins: 172#######:

Mode of the sampling distribution: 2.2177893945091563e-08


Range: [3.952393967665557e-14,1.1088931162969911e-07] contains 25.0% of the distribution.

Range: [3.952393967665557e-14,2.328675109460345e-07] contains 50.0% of the distribution.

Range: [3.952393967665557e-14,3.992014191046736e-07] contains 75.0% of the distribution.

Range: [3.952393967665557e-14,5.100906912104331e-07] contains 85.0% of the distribution.

Range: [3.952393967665557e-14,7.20780308211376e-07] contains 95.0% of the distribution.

Range: [3.952393967665557e-14,9.980034884757746e-07] contains 99.0% of the distribution.

Range: [3.952393967665557e-14,1.5746277034257236e-06] contains 99.99% of the distribution.

Range: [3.952393967665557e-14,1.907295519743002e-06] contains 100% of the distribution.

###########################################

###### Info about PM with num. bins: 218#######:

Mode of the sampling distribution: 2.5674790196024814e-08


Range: [1.13509202037676e-12,1.0269575550803813e-07] contains 25.0% of the distribution.

Range: [1.13509202037676e-12,2.1394826095872403e-07] contains 50.0% of the distribution.

Range: [1.13509202037676e-12,3.679901915827507e-07] contains 75.0% of the distribution.

Range: [1.13509202037676e-12,4.7068481199876843e-07] contains 85.0% of the distribution.

Range: [1.13509202037676e-12,6.76074052830804e-07] contains 95.0% of the distribution.

Range: [1.13509202037676e-12,9.242527188361802e-07] contains 99.0% of the distribution.

Range: [1.13509202037676e-12,1.497631016158946e-06] contains 99.99% of the distribution.

Range: [1.13509202037676e-12,1.8656200726496763e-06] contains 100% of the distribution.

###########################################

##### DISTANCE MEASURES ######

Measure Distances Abs error
Variational Distance - Golden -> DistrPM : 209952.72108077072
Variational Distance - Golden -> PM : 2525106.9934123815
Variational Distance - Golden -> Sampling : 112491.36481474945
AVG Variational Distance - Golden -> DistrPM : 24921.76579738124
AVG Variational Distance - Golden -> PM : 30159.87252868813
AVG Variational Distance - Golden -> Sampling : 10080.752977687514
KL Distance - Golden -> DistrPM : inf
KL Distance - Golden -> PM : inf
KL Distance - Golden -> Sampling : inf
WSS Distance - Golden -> DistrPM : 24879.690315428932
WSS Distance - Golden -> PM : 26605.900833423613
WSS Distance - Golden -> Sampling : 8190.798707422489
##################################