Execution Time:56.89433693885803s 

###### Info about PDF Range Analysis with FPPM with gaps: 1000#######:

Starting range analysis from: 1.000000014070748


Range: [-697.0403828119686,699.04038284011] contains 25.0% of the distribution.

Range: [-1541.1822411132214,1543.182241141363] contains 50.0% of the distribution.

Range: [-2672.866387575509,2752.577788130658] contains 75.0% of the distribution.

Range: [-2672.866387575509,3312.6334441189892] contains 85.0% of the distribution.

Range: [-2672.866387575509,4043.1408214950734] contains 95.0% of the distribution.

Range: [-2672.866387575509,4635.663472033483] contains 99.0% of the distribution.

Range: [-2672.866387575509,5276.886614396971] contains 99.99% of the distribution.

Range: [-2672.866387575509,5443.88224993658] contains 100% of the distribution.

###########################################

##### DISTANCE MEASURES ######

PDF Measure Distances Range Analysis
Variational Distance - Golden -> DistrPM : 2.8466474513363655e-06
Variational Distance - Golden -> PM : 1.2631009754896741e-05
Variational Distance - Golden -> Sampling : 9.944045198292956e-06
AVG Variational Distance - Golden -> DistrPM : 7.848018413971057e-07
AVG Variational Distance - Golden -> PM : 2.3093111643273786e-06
AVG Variational Distance - Golden -> Sampling : 2.9243686866639794e-06
KL Distance - Golden -> DistrPM : 5.9377516812290226e-05
KL Distance - Golden -> PM : inf
KL Distance - Golden -> Sampling : inf
WSS Distance - Golden -> DistrPM : 4.1023374118604963e-07
WSS Distance - Golden -> PM : 1.4833706492927875e-06
WSS Distance - Golden -> Sampling : 1.9870352616673227e-06
##################################

###### Info about PDF Error Analysis with FPPM#######:

Starting range analysis from: 0.0


Range: [0.0,0.00016255860636101677] contains 25.0% of the distribution.

Range: [0.0,0.0002718900584268326] contains 50.0% of the distribution.

Range: [0.0,0.00039848437134514566] contains 75.0% of the distribution.

Range: [0.0,0.00047904438865679943] contains 85.0% of the distribution.

Range: [0.0,0.0006372872798046964] contains 95.0% of the distribution.

Range: [0.0,0.0008372487513461302] contains 99.0% of the distribution.

Range: [0.0,0.0012184702618387737] contains 99.99% of the distribution.

Range: [0.0,0.0014385717377081164] contains 100% of the distribution.

###########################################

##### DISTANCE MEASURES ######

PDF Measure Distances Abs Error

Variational Distance - Golden -> DistrPM : 131.40142628839658
Variational Distance - Golden -> PM : 1249.1336802002927
Variational Distance - Golden -> Sampling : 1249.1336802002927
AVG Variational Distance - Golden -> DistrPM : 25.377478442826064
AVG Variational Distance - Golden -> PM : 27.316534798988954
AVG Variational Distance - Golden -> Sampling : 18.845025989178513
KL Distance - Golden -> DistrPM : inf
KL Distance - Golden -> PM : inf
KL Distance - Golden -> Sampling : inf
WSS Distance - Golden -> DistrPM : 20.79655987379948
WSS Distance - Golden -> PM : 20.146641458875322
WSS Distance - Golden -> Sampling : 11.459693974208719
##################################

