Execution Time:168.84413743019104s 

###### Info about  CDF Range Analysis with FPPM #######:

Starting range analysis from: -16.2952325304964


Range: [-16.2952325304964,-5.421316148798052] contains 25.0% of the distribution.

Range: [-16.2952325304964,-1.7282879436929024] contains 50.0% of the distribution.

Range: [-16.2952325304964,1.9940500090717912] contains 75.0% of the distribution.

Range: [-16.2952325304964,4.016422597581743] contains 85.0% of the distribution.

Range: [-16.2952325304964,6.947397363538238] contains 95.0% of the distribution.

Range: [-16.2952325304964,9.585274652899036] contains 99.0% of the distribution.

Range: [-16.2952325304964,12.486939671195879] contains 99.99% of the distribution.

Range: [-16.2952325304964,13.01451512906814] contains 100% of the distribution.

###########################################

##### DISTANCE MEASURES ######

CDF Measure Distances Range Analysis
Variational Distance - Golden -> DistrPM : 0.0035156283727991733
Variational Distance - Golden -> PM : 0.012703872918340298
Variational Distance - Golden -> Sampling : 0.014125135575354442
AVG Variational Distance - Golden -> DistrPM : 0.0015729243871193824
AVG Variational Distance - Golden -> PM : 0.0024471207433218074
AVG Variational Distance - Golden -> Sampling : 0.0026714831821284153
KL Distance - Golden -> DistrPM : inf
KL Distance - Golden -> PM : inf
KL Distance - Golden -> Sampling : inf
WSS Distance - Golden -> DistrPM : 0.0015729243871193822
WSS Distance - Golden -> PM : 0.0024471207433218066
WSS Distance - Golden -> Sampling : 0.002671483182128417
##################################

###### Info about CDF Error Analysis with FPPM#######:

Starting range analysis from: 0.0


Range: [0.0,1.498449333627861e-07] contains 25.0% of the distribution.

Range: [0.0,3.1746807915844457e-07] contains 50.0% of the distribution.

Range: [0.0,5.536643300523286e-07] contains 75.0% of the distribution.

Range: [0.0,7.035092634151174e-07] contains 85.0% of the distribution.

Range: [0.0,9.778016838080187e-07] contains 95.0% of the distribution.

Range: [0.0,1.3409851663652863e-06] contains 99.0% of the distribution.

Range: [0.0,2.1587829382774343e-06] contains 99.99% of the distribution.

Range: [0.0,2.53974463326756e-06] contains 100% of the distribution.

###########################################

##### DISTANCE MEASURES ######

Measure Distances Abs Error Analysis


Variational Distance - Golden -> DistrPM : 0.029764656013157365
Variational Distance - Golden -> PM : 0.03972932417941111
Variational Distance - Golden -> Sampling : 0.016885777604866814
AVG Variational Distance - Golden -> DistrPM : 0.00758166327054532
AVG Variational Distance - Golden -> PM : 0.009107198982168906
AVG Variational Distance - Golden -> Sampling : 0.0014046195974896161
KL Distance - Golden -> DistrPM : 0.00023085175731082583
KL Distance - Golden -> PM : inf
KL Distance - Golden -> Sampling : inf
WSS Distance - Golden -> DistrPM : 0.0075816632705453186
WSS Distance - Golden -> PM : 0.009107198982168904
WSS Distance - Golden -> Sampling : 0.0014046195974896161
##################################

