Execution Time:35.34841442108154s 

###### Info about Range Analysis on Round(distr) with 1000 bins#######:

Mode of the distribution: 0.6611974555470892


Range: [0.6126974734643224,0.6666667542898344] contains 25.0% of the distribution.

Range: [0.4801975224134645,0.6666667542898344] contains 50.0% of the distribution.

Range: [0.3146975835537137,0.6666667542898344] contains 75.0% of the distribution.

Range: [0.2506976071970729,0.6666667542898344] contains 85.0% of the distribution.

Range: [0.1926976286238672,0.6666667542898344] contains 95.0% of the distribution.

Range: [0.17169763638184443,0.6666667542898344] contains 99.0% of the distribution.

Range: [0.1666669390035731,0.6666667542898344] contains 99.99% of the distribution.

Range: [0.1666669390035731,0.6666667542898344] contains 100% of the distribution.

###########################################

##### DISTANCE MEASURES ######

Measure Distances Range Analysis
Variational Distance - Golden -> DistrPM : 8.548020623711015
Variational Distance - Golden -> PM : 8.5338636543011
Variational Distance - Golden -> Sampling : 10.170328802730443
AVG Variational Distance - Golden -> DistrPM : 0.1784643410159632
AVG Variational Distance - Golden -> PM : 0.13795036543364922
AVG Variational Distance - Golden -> Sampling : 0.1474345236607911
KL Distance - Golden -> DistrPM : inf
KL Distance - Golden -> PM : inf
KL Distance - Golden -> Sampling : 0.016555174919510376
WSS Distance - Golden -> DistrPM : 0.1249503670755391
WSS Distance - Golden -> PM : 0.12372557401886596
WSS Distance - Golden -> Sampling : 0.13227077314880506
######################################## Info about Abs Error Distribution#######:

Mode of the distribution: 7.016017986882687e-09


Range: [2.1557566521833935e-09,1.1876279321582009e-08] contains 25.0% of the distribution.

Range: [0.0,1.9757784188661992e-08] contains 50.0% of the distribution.

Range: [0.0,3.315634246269797e-08] contains 75.0% of the distribution.

Range: [0.0,4.1169205744229285e-08] contains 85.0% of the distribution.

Range: [0.0,5.456776401826526e-08] contains 95.0% of the distribution.

Range: [0.0,7.019941533797389e-08] contains 99.0% of the distribution.

Range: [0.0,1.0895014760111715e-07] contains 99.99% of the distribution.

Range: [0.0,1.3135841445133245e-07] contains 100% of the distribution.

###########################################

###### Info about Golden with num. bins: 561#######:

Mode of the sampling distribution: 2.2934032312374805e-10


Range: [2.7478019859472624e-15,9.632180911315994e-09] contains 25.0% of the distribution.

Range: [2.7478019859472624e-15,1.995237180079529e-08] contains 50.0% of the distribution.

Range: [2.7478019859472624e-15,3.417130147074454e-08] contains 75.0% of the distribution.

Range: [2.7478019859472624e-15,4.196877903168445e-08] contains 85.0% of the distribution.

Range: [2.7478019859472624e-15,5.504102082502489e-08] contains 95.0% of the distribution.

Range: [2.7478019859472624e-15,6.788392504304356e-08] contains 99.0% of the distribution.

Range: [2.7478019859472624e-15,1.0044986073873379e-07] contains 99.99% of the distribution.

Range: [2.7478019859472624e-15,1.2865838250331052e-07] contains 100% of the distribution.

###########################################

###### Info about Sampling with num. bins: 110#######:

Mode of the sampling distribution: 1.805777749552817e-13


Range: [1.805777749552817e-13,9.636292926738157e-09] contains 25.0% of the distribution.

Range: [1.805777749552817e-13,2.0343084425586158e-08] contains 50.0% of the distribution.

Range: [1.805777749552817e-13,3.426191337408856e-08] contains 75.0% of the distribution.

Range: [1.805777749552817e-13,4.175666742328216e-08] contains 85.0% of the distribution.

Range: [1.805777749552817e-13,5.5675496371784565e-08] contains 95.0% of the distribution.

Range: [1.805777749552817e-13,6.852364617040217e-08] contains 99.0% of the distribution.

Range: [1.805777749552817e-13,1.0385605811660058e-07] contains 99.99% of the distribution.

Range: [1.805777749552817e-13,1.1777488706510297e-07] contains 100% of the distribution.

###########################################

###### Info about PM with num. bins: 175#######:

Mode of the sampling distribution: 6.005022226616776e-09


Range: [1.501307535908428e-09,1.1259356032443181e-08] contains 25.0% of the distribution.

Range: [6.93056723122254e-14,2.0266785413859878e-08] contains 50.0% of the distribution.

Range: [6.93056723122254e-14,3.377792948598492e-08] contains 75.0% of the distribution.

Range: [6.93056723122254e-14,4.12841206371655e-08] contains 85.0% of the distribution.

Range: [6.93056723122254e-14,5.55458838244086e-08] contains 95.0% of the distribution.

Range: [6.93056723122254e-14,7.055826612676976e-08] contains 99.0% of the distribution.

Range: [6.93056723122254e-14,1.088398409977907e-07] contains 99.99% of the distribution.

Range: [6.93056723122254e-14,1.3135841445133245e-07] contains 100% of the distribution.

###########################################

##### DISTANCE MEASURES ######

Measure Distances Abs error
Variational Distance - Golden -> DistrPM : 2032259.3981261365
Variational Distance - Golden -> PM : 26474196.914015453
Variational Distance - Golden -> Sampling : 26474196.914015453
AVG Variational Distance - Golden -> DistrPM : 303817.12216684147
AVG Variational Distance - Golden -> PM : 363490.960318678
AVG Variational Distance - Golden -> Sampling : 223283.19827470183
KL Distance - Golden -> DistrPM : 0.002710377899245321
KL Distance - Golden -> PM : inf
KL Distance - Golden -> Sampling : inf
WSS Distance - Golden -> DistrPM : 300429.1613085989
WSS Distance - Golden -> PM : 294603.6656227231
WSS Distance - Golden -> Sampling : 129295.5381702876
##################################