Execution Time:84.47908902168274s 

###### Info about Range Analysis on Round(distr) with 1000 bins#######:

Mode of the distribution: 0.6379455887791146


Range: [0.27190919611066927,1.003981981447563] contains 25.0% of the distribution.

Range: [-0.1551332620025156,1.4310244395607412] contains 50.0% of the distribution.

Range: [-0.7041878510051836,1.980079028563399] contains 75.0% of the distribution.

Range: [-1.005151107199241,2.033380515830187] contains 85.0% of the distribution.

Range: [-1.444394778401367,2.033380515830187] contains 95.0% of the distribution.

Range: [-1.7738275318029617,2.033380515830187] contains 99.0% of the distribution.

Range: [-2.02191886461157,2.033380515830187] contains 99.99% of the distribution.

Range: [-2.0336905138191974,2.033380515830187] contains 100% of the distribution.

###########################################

##### DISTANCE MEASURES ######

Measure Distances Range Analysis
Variational Distance - Golden -> DistrPM : 0.012690149045144872
Variational Distance - Golden -> PM : 0.014538141652311348
Variational Distance - Golden -> Sampling : 0.018036384452010834
AVG Variational Distance - Golden -> DistrPM : 0.0042581488432077135
AVG Variational Distance - Golden -> PM : 0.0044088972224589
AVG Variational Distance - Golden -> Sampling : 0.0045101643206095525
KL Distance - Golden -> DistrPM : inf
KL Distance - Golden -> PM : inf
KL Distance - Golden -> Sampling : inf
WSS Distance - Golden -> DistrPM : 0.002848898338146866
WSS Distance - Golden -> PM : 0.0032450175758052596
WSS Distance - Golden -> Sampling : 0.003012747818361462
######################################## Info about Abs Error Distribution#######:

Mode of the distribution: 4.893940269968991e-16


Range: [0.0,1.9057202660829286e-08] contains 25.0% of the distribution.

Range: [0.0,4.3780059531880444e-08] contains 50.0% of the distribution.

Range: [0.0,8.292458291104447e-08] contains 75.0% of the distribution.

Range: [0.0,1.1073779689097667e-07] contains 85.0% of the distribution.

Range: [0.0,1.6687928436898795e-07] contains 95.0% of the distribution.

Range: [0.0,2.3898761690955296e-07] contains 99.0% of the distribution.

Range: [0.0,4.10502436452477e-07] contains 99.99% of the distribution.

Range: [0.0,5.150595181468987e-07] contains 100% of the distribution.

###########################################

###### Info about Golden with num. bins: 912#######:

Mode of the sampling distribution: 1.3322676295501878e-15


Range: [1.3322676295501878e-15,1.9310288729633246e-08] contains 25.0% of the distribution.

Range: [1.3322676295501878e-15,4.4868022049675977e-08] contains 50.0% of the distribution.

Range: [1.3322676295501878e-15,8.576039536174434e-08] contains 75.0% of the distribution.

Range: [1.3322676295501878e-15,1.1415787682845849e-07] contains 85.0% of the distribution.

Range: [1.3322676295501878e-15,1.7095283976188677e-07] contains 95.0% of the distribution.

Range: [1.3322676295501878e-15,2.425144930580064e-07] contains 99.0% of the distribution.

Range: [1.3322676295501878e-15,3.8336600113290855e-07] contains 99.99% of the distribution.

Range: [1.3322676295501878e-15,5.179700632851336e-07] contains 100% of the distribution.

###########################################

###### Info about Sampling with num. bins: 232#######:

Mode of the sampling distribution: 5.127009927718973e-13


Range: [5.127009927718973e-13,1.9898658925579803e-08] contains 25.0% of the distribution.

Range: [5.127009927718973e-13,4.5766249017542943e-08] contains 50.0% of the distribution.

Range: [5.127009927718973e-13,8.5562541466717e-08] contains 75.0% of the distribution.

Range: [5.127009927718973e-13,1.1341994618113885e-07] contains 85.0% of the distribution.

Range: [5.127009927718973e-13,1.7112457023244124e-07] contains 95.0% of the distribution.

Range: [5.127009927718973e-13,2.4474771126341324e-07] contains 99.0% of the distribution.

Range: [5.127009927718973e-13,3.860245494579812e-07] contains 99.99% of the distribution.

Range: [5.127009927718973e-13,4.616375051114119e-07] contains 100% of the distribution.

###########################################

###### Info about PM with num. bins: 252#######:

Mode of the sampling distribution: 6.550315845288424e-14


Range: [6.550315845288424e-14,2.0438932671560844e-08] contains 25.0% of the distribution.

Range: [6.550315845288424e-14,4.4965573273643715e-08] contains 50.0% of the distribution.

Range: [6.550315845288424e-14,8.379942089360825e-08] contains 75.0% of the distribution.

Range: [6.550315845288424e-14,1.124138349293716e-07] contains 85.0% of the distribution.

Range: [6.550315845288424e-14,1.6759877628405806e-07] contains 95.0% of the distribution.

Range: [6.550315845288424e-14,2.4117869809030666e-07] contains 99.0% of the distribution.

Range: [6.550315845288424e-14,4.1286518230488677e-07] contains 99.99% of the distribution.

Range: [6.550315845288424e-14,5.150595181468987e-07] contains 100% of the distribution.

###########################################

##### DISTANCE MEASURES ######

Measure Distances Abs error
Variational Distance - Golden -> DistrPM : 564229.1066227332
Variational Distance - Golden -> PM : 14784996.502601841
Variational Distance - Golden -> Sampling : 14784996.502601841
AVG Variational Distance - Golden -> DistrPM : 55927.54650247403
AVG Variational Distance - Golden -> PM : 67285.79793925179
AVG Variational Distance - Golden -> Sampling : 51477.57313255752
KL Distance - Golden -> DistrPM : inf
KL Distance - Golden -> PM : inf
KL Distance - Golden -> Sampling : inf
WSS Distance - Golden -> DistrPM : 54759.630266202614
WSS Distance - Golden -> PM : 46268.35398232665
WSS Distance - Golden -> Sampling : 28672.909870274347
##################################