Execution Time:115.62957811355591s 

###### Info about Range Analysis on Round(distr) with 1000 bins#######:

Mode of the distribution: -5.672839203123745


Range: [-6.588061837937667,-4.757616568309823] contains 25.0% of the distribution.

Range: [-7.599623697468845,-3.7460547087786455] contains 50.0% of the distribution.

Range: [-8.948372843510414,-2.397305562737076] contains 75.0% of the distribution.

Range: [-9.743171447427768,-1.602506958819726] contains 85.0% of the distribution.

Range: [-11.188259818186593,-0.15741858806091397] contains 95.0% of the distribution.

Range: [-12.946450669276496,1.6007722630289745] contains 99.0% of the distribution.

Range: [-14.730183767209756,5.9119525691261305] contains 99.99% of the distribution.

Range: [-14.730183767209756,9.354622412103806] contains 100% of the distribution.

###########################################

##### DISTANCE MEASURES ######

Measure Distances Range Analysis
Variational Distance - Golden -> DistrPM : 0.006847749468651604
Variational Distance - Golden -> PM : 0.006555175304311295
Variational Distance - Golden -> Sampling : 0.012699993387296299
AVG Variational Distance - Golden -> DistrPM : 0.001057755175877254
AVG Variational Distance - Golden -> PM : 0.0010366986344159045
AVG Variational Distance - Golden -> Sampling : 0.0016990555226307287
KL Distance - Golden -> DistrPM : inf
KL Distance - Golden -> PM : inf
KL Distance - Golden -> Sampling : inf
WSS Distance - Golden -> DistrPM : 0.00048402879774925127
WSS Distance - Golden -> PM : 0.0005639547533465641
WSS Distance - Golden -> Sampling : 0.0011523940880057803
######################################## Info about Abs Error Distribution#######:

Mode of the distribution: 2.4036333465162124e-08


Range: [0.0,1.009649452126243e-07] contains 25.0% of the distribution.

Range: [0.0,2.1251143224644383e-07] contains 50.0% of the distribution.

Range: [0.0,3.625222251539958e-07] contains 75.0% of the distribution.

Range: [0.0,4.586829898383242e-07] contains 85.0% of the distribution.

Range: [0.0,6.356187968574841e-07] contains 95.0% of the distribution.

Range: [0.0,8.529421250440603e-07] contains 99.0% of the distribution.

Range: [0.0,1.3683638237520692e-06] contains 99.99% of the distribution.

Range: [0.0,1.923215293686553e-06] contains 100% of the distribution.

###########################################

###### Info about Golden with num. bins: 295#######:

Mode of the sampling distribution: 3.8753091562125715e-08


Range: [1.1821654766208667e-12,1.0979825878931571e-07] contains 25.0% of the distribution.

Range: [1.1821654766208667e-12,2.3251263854537116e-07] contains 50.0% of the distribution.

Range: [1.1821654766208667e-12,4.0043757926418387e-07] contains 75.0% of the distribution.

Range: [1.1821654766208667e-12,5.037760043219148e-07] contains 85.0% of the distribution.

Range: [1.1821654766208667e-12,6.975355513051602e-07] contains 95.0% of the distribution.

Range: [1.1821654766208667e-12,9.36505659251163e-07] contains 99.0% of the distribution.

Range: [1.1821654766208667e-12,1.472573739238142e-06] contains 99.99% of the distribution.

Range: [1.1821654766208667e-12,1.9053033941673903e-06] contains 100% of the distribution.

###########################################

###### Info about Sampling with num. bins: 76#######:

Mode of the sampling distribution: 2.0418845526673648e-08


Range: [2.7108093547667522e-11,1.2237753269230354e-07] contains 25.0% of the distribution.

Range: [2.7108093547667522e-11,2.447279572910594e-07] contains 50.0% of the distribution.

Range: [2.7108093547667522e-11,4.078618567560673e-07] contains 75.0% of the distribution.

Range: [2.7108093547667522e-11,5.098205439216972e-07] contains 85.0% of the distribution.

Range: [2.7108093547667522e-11,7.13737918252957e-07] contains 95.0% of the distribution.

Range: [2.7108093547667522e-11,9.380470300173428e-07] contains 99.0% of the distribution.

Range: [2.7108093547667522e-11,1.3662735161129883e-06] contains 99.99% of the distribution.

Range: [2.7108093547667522e-11,1.5497991530111221e-06] contains 100% of the distribution.

###########################################

###### Info about PM with num. bins: 231#######:

Mode of the sampling distribution: 2.4978530574373935e-08


Range: [1.731059739995544e-12,9.990892911827576e-08] contains 25.0% of the distribution.

Range: [1.731059739995544e-12,2.1646732685323415e-07] contains 50.0% of the distribution.

Range: [1.731059739995544e-12,3.6632812394103777e-07] contains 75.0% of the distribution.

Range: [1.731059739995544e-12,4.579097221613622e-07] contains 85.0% of the distribution.

Range: [1.731059739995544e-12,6.327473187637998e-07] contains 95.0% of the distribution.

Range: [1.731059739995544e-12,8.575385143955053e-07] contains 99.0% of the distribution.

Range: [1.731059739995544e-12,1.3487489048499728e-06] contains 99.99% of the distribution.

Range: [1.731059739995544e-12,1.923215293686553e-06] contains 100% of the distribution.

###########################################

##### DISTANCE MEASURES ######

Measure Distances Abs error
Variational Distance - Golden -> DistrPM : 295813.008202211
Variational Distance - Golden -> PM : 2268866.08218355
Variational Distance - Golden -> Sampling : 2268866.08218355
AVG Variational Distance - Golden -> DistrPM : 45943.640608445996
AVG Variational Distance - Golden -> PM : 52702.95932279109
AVG Variational Distance - Golden -> Sampling : 27847.072342171366
KL Distance - Golden -> DistrPM : 0.007672182732157213
KL Distance - Golden -> PM : inf
KL Distance - Golden -> Sampling : inf
WSS Distance - Golden -> DistrPM : 45930.94146154178
WSS Distance - Golden -> PM : 46730.62382920413
WSS Distance - Golden -> Sampling : 16472.161212768202
##################################