Execution Time:15.570951700210571s 

###### Info about  CDF Range Analysis with FPPM #######:

Starting range analysis from: 7.175209876397111e-16


Range: [7.175209876397111e-16,0.0053332938319982145] contains 25.0% of the distribution.

Range: [7.175209876397111e-16,0.029833112372736822] contains 50.0% of the distribution.

Range: [7.175209876397111e-16,0.08133273093796284] contains 75.0% of the distribution.

Range: [7.175209876397111e-16,0.11083251244619986] contains 85.0% of the distribution.

Range: [7.175209876397111e-16,0.14649891494768238] contains 95.0% of the distribution.

Range: [7.175209876397111e-16,0.16266546187592393] contains 99.0% of the distribution.

Range: [7.175209876397111e-16,0.16666543224992184] contains 99.99% of the distribution.

Range: [7.175209876397111e-16,0.16666543224992256] contains 100% of the distribution.

###########################################

##### DISTANCE MEASURES ######

CDF Measure Distances Range Analysis
Variational Distance - Golden -> DistrPM : 0.13552753870931594
Variational Distance - Golden -> PM : 0.13552753870931594
Variational Distance - Golden -> Sampling : 0.13552753870931594
AVG Variational Distance - Golden -> DistrPM : 0.008663905686662114
AVG Variational Distance - Golden -> PM : 0.0038418291473214976
AVG Variational Distance - Golden -> Sampling : 0.01422949132279347
KL Distance - Golden -> DistrPM : inf
KL Distance - Golden -> PM : inf
KL Distance - Golden -> Sampling : inf
WSS Distance - Golden -> DistrPM : 0.008663905686662114
WSS Distance - Golden -> PM : 0.0038418291473214976
WSS Distance - Golden -> Sampling : 0.014229491322793471
##################################

###### Info about CDF Error Analysis with FPPM#######:

Starting range analysis from: 0.0


Range: [0.0,6.918247349996244e-10] contains 25.0% of the distribution.

Range: [0.0,2.121595853998849e-09] contains 50.0% of the distribution.

Range: [0.0,5.580719528996972e-09] contains 75.0% of the distribution.

Range: [0.0,8.486383415995377e-09] contains 85.0% of the distribution.

Range: [0.0,1.4851170977991811e-08] contains 95.0% of the distribution.

Range: [0.0,2.3199189446987133e-08] contains 99.0% of the distribution.

Range: [0.0,3.938788824597806e-08] contains 99.99% of the distribution.

Range: [0.0,4.612164899997495e-08] contains 100% of the distribution.

###########################################

##### DISTANCE MEASURES ######

Measure Distances Abs Error Analysis


Variational Distance - Golden -> DistrPM : 0.12312413820227469
Variational Distance - Golden -> PM : 0.09461376375177709
Variational Distance - Golden -> Sampling : 0.13638936956966152
AVG Variational Distance - Golden -> DistrPM : 0.016602794950483845
AVG Variational Distance - Golden -> PM : 0.00848802594966375
AVG Variational Distance - Golden -> Sampling : 0.0044118240119020964
KL Distance - Golden -> DistrPM : 0.006618637723824761
KL Distance - Golden -> PM : inf
KL Distance - Golden -> Sampling : inf
WSS Distance - Golden -> DistrPM : 0.01660279495048385
WSS Distance - Golden -> PM : 0.00848802594966375
WSS Distance - Golden -> Sampling : 0.004411824011902095
##################################

