Execution Time:90.52737545967102s 

###### Info about Range Analysis on Round(distr) with 1000 bins#######:

Mode of the distribution: 253.03456338998802


Range: [248.30558364949752,260.1259144470973] contains 25.0% of the distribution.

Range: [248.30558364949752,271.9448328756127] contains 50.0% of the distribution.

Range: [248.30558364949752,293.21888604694044] contains 75.0% of the distribution.

Range: [248.30558364949752,308.5834800040105] contains 85.0% of the distribution.

Range: [248.30558364949752,343.44928936813096] contains 95.0% of the distribution.

Range: [248.30558364949752,393.6796926893215] contains 99.0% of the distribution.

Range: [248.30558364949752,574.5091446456014] contains 99.99% of the distribution.

Range: [248.30558364949752,839.251505075255] contains 100% of the distribution.

###########################################

##### DISTANCE MEASURES ######

Measure Distances Range Analysis
Variational Distance - Golden -> DistrPM : 0.0018460597568743624
Variational Distance - Golden -> PM : 0.010324528974925815
Variational Distance - Golden -> Sampling : 0.008722552277989133
AVG Variational Distance - Golden -> DistrPM : 4.29059392808e-05
AVG Variational Distance - Golden -> PM : 6.83180633268739e-05
AVG Variational Distance - Golden -> Sampling : 0.00012245125787341038
KL Distance - Golden -> DistrPM : inf
KL Distance - Golden -> PM : inf
KL Distance - Golden -> Sampling : inf
WSS Distance - Golden -> DistrPM : 3.5124778271864575e-05
WSS Distance - Golden -> PM : 3.5317877747835956e-05
WSS Distance - Golden -> Sampling : 8.376622812494542e-05
######################################## Info about Abs Error Distribution#######:

Mode of the distribution: 6.360262376650829e-06


Range: [1.8489261456887103e-06,1.0871598607612927e-05] contains 25.0% of the distribution.

Range: [0.0,1.816934839299278e-05] contains 50.0% of the distribution.

Range: [0.0,3.0243807128803082e-05] contains 75.0% of the distribution.

Range: [0.0,3.714349783498056e-05] contains 85.0% of the distribution.

Range: [0.0,4.921795657079117e-05] contains 95.0% of the distribution.

Range: [0.0,6.341539706234858e-05] contains 99.0% of the distribution.

Range: [0.0,9.857728239190515e-05] contains 99.99% of the distribution.

Range: [0.0,0.00013268635973417986] contains 100% of the distribution.

###########################################

###### Info about Golden with num. bins: 255#######:

Mode of the sampling distribution: 1.8679493816271847e-06


Range: [1.261923898709938e-11,1.0273664812374075e-05] contains 25.0% of the distribution.

Range: [1.261923898709938e-11,2.0547317005509162e-05] contains 50.0% of the distribution.

Range: [1.261923898709938e-11,3.268890596103245e-05] contains 75.0% of the distribution.

Range: [1.261923898709938e-11,3.969366881998819e-05] contains 85.0% of the distribution.

Range: [1.261923898709938e-11,5.136827358491442e-05] contains 95.0% of the distribution.

Range: [1.261923898709938e-11,6.397684673103476e-05] contains 99.0% of the distribution.

Range: [1.261923898709938e-11,8.872700883267837e-05] contains 99.99% of the distribution.

Range: [1.261923898709938e-11,0.00011908098122148658] contains 100% of the distribution.

###########################################

###### Info about Sampling with num. bins: 67#######:

Mode of the sampling distribution: 3.154436836130524e-06


Range: [4.068112957611447e-09,1.1030358644062805e-05] contains 25.0% of the distribution.

Range: [4.068112957611447e-09,2.0481464813581545e-05] contains 50.0% of the distribution.

Range: [4.068112957611447e-09,3.3082939706273196e-05] contains 75.0% of the distribution.

Range: [4.068112957611447e-09,3.938367715261902e-05] contains 85.0% of the distribution.

Range: [4.068112957611447e-09,5.1985152045310666e-05] contains 95.0% of the distribution.

Range: [4.068112957611447e-09,6.458662693800232e-05] contains 99.0% of the distribution.

Range: [4.068112957611447e-09,9.136476108497208e-05] contains 99.99% of the distribution.

Range: [4.068112957611447e-09,0.00010554142033925018] contains 100% of the distribution.

###########################################

###### Info about PM with num. bins: 196#######:

Mode of the sampling distribution: 6.769838345420868e-07


Range: [1.2676082405960187e-11,8.800637736058258e-06] contains 25.0% of the distribution.

Range: [1.2676082405960187e-11,1.827823395449379e-05] contains 50.0% of the distribution.

Range: [1.2676082405960187e-11,3.0463714806768046e-05] contains 75.0% of the distribution.

Range: [1.2676082405960187e-11,3.723342639136486e-05] contains 85.0% of the distribution.

Range: [1.2676082405960187e-11,4.941890724363911e-05] contains 95.0% of the distribution.

Range: [1.2676082405960187e-11,6.36353015712924e-05] contains 99.0% of the distribution.

Range: [1.2676082405960187e-11,0.00010222265760349423] contains 99.99% of the distribution.

Range: [1.2676082405960187e-11,0.00013268635973417986] contains 100% of the distribution.

###########################################

##### DISTANCE MEASURES ######

Measure Distances Abs error
Variational Distance - Golden -> DistrPM : 3834.3404283999807
Variational Distance - Golden -> PM : 25393.857295419377
Variational Distance - Golden -> Sampling : 25393.857295419377
AVG Variational Distance - Golden -> DistrPM : 788.4500725664421
AVG Variational Distance - Golden -> PM : 855.8142510296854
AVG Variational Distance - Golden -> Sampling : 382.9414540092035
KL Distance - Golden -> DistrPM : 0.006607715065469066
KL Distance - Golden -> PM : inf
KL Distance - Golden -> Sampling : inf
WSS Distance - Golden -> DistrPM : 786.6681937429279
WSS Distance - Golden -> PM : 828.423407260059
WSS Distance - Golden -> Sampling : 187.55535247798855
##################################