Execution Time:13.951619863510132s 

###### Info about CDF Range Analysis with PAF with gap using INV CDF #######:

Starting range analysis from: 0.0 


Range: [0.0,100.44945848401625] contains 25.0% of the distribution.

Range: [0.0,500.2499999612269] contains 50.0% of the distribution.

Range: [0.0,900.0505409247858] contains 75.0% of the distribution.

Range: [0.0,900.2310468466002] contains 85.0% of the distribution.

Range: [0.0,900.4115522322204] contains 95.0% of the distribution.

Range: [0.0,900.4837545130736] contains 99.0% of the distribution.

Range: [0.0,990.0506503269597] contains 99.99% of the distribution.

Range: [0.0,1000.0000596046448] contains 100% of the distribution.

###########################################

##### DISTANCE MEASURES ######

CDF Range Analysis with Sampling model with num. bins: 27
Variational Distance - Golden -> paf : 8.802267199814473e-05
Variational Distance - Golden -> Sampling : 0.2776174038595254
AVG Variational Distance - Golden -> paf : 3.5948312879936866e-05
AVG Variational Distance - Golden -> Sampling : 0.01981339878243746
KL Distance - Golden -> paf : 5.507903225832289e-09
KL Distance - Golden -> Sampling : inf
WSS Distance - Golden -> paf : 3.5948312879936866e-05
WSS Distance - Golden -> Sampling : 0.019813398782437482
##################################

