Execution Time:46.28192734718323s 

###### Info about Range Analysis on Round(distr) with 1000 bins#######:

Mode of the distribution: 4050.894401230213


Range: [3921.628321187546,4180.160481272871] contains 25.0% of the distribution.

Range: [3784.0224940453522,4317.76630841505] contains 50.0% of the distribution.

Range: [3583.8685636567066,4517.920238803674] contains 75.0% of the distribution.

Range: [3425.4133687656954,4676.375433694668] contains 85.0% of the distribution.

Range: [3112.6728525334365,4989.115949926892] contains 95.0% of the distribution.

Range: [2724.8746124054355,5376.914190054851] contains 99.0% of the distribution.

Range: [1895.069776002517,5443.089594003588] contains 99.99% of the distribution.

Range: [1273.2160442403263,5443.089594003588] contains 100% of the distribution.

###########################################

##### DISTANCE MEASURES ######

Measure Distances Range Analysis
Variational Distance - Golden -> DistrPM : 3.757954218446284e-05
Variational Distance - Golden -> PM : 4.6204599439365e-05
Variational Distance - Golden -> Sampling : 0.00010631316588142602
AVG Variational Distance - Golden -> DistrPM : 4.802141691726043e-06
AVG Variational Distance - Golden -> PM : 6.526765202885227e-06
AVG Variational Distance - Golden -> Sampling : 1.687352912614687e-05
KL Distance - Golden -> DistrPM : inf
KL Distance - Golden -> PM : inf
KL Distance - Golden -> Sampling : inf
WSS Distance - Golden -> DistrPM : 2.3386897992856094e-06
WSS Distance - Golden -> PM : 3.97583179654562e-06
WSS Distance - Golden -> Sampling : 1.0903631905398889e-05
######################################## Info about Abs Error Distribution#######:

Mode of the distribution: 0.00023078383089786484


Range: [0.00019198541370032482,0.0002695822480954049] contains 25.0% of the distribution.

Range: [0.00015136832069665012,0.0003101993410990796] contains 50.0% of the distribution.

Range: [0.00010165784866230198,0.0003599098131334277] contains 75.0% of the distribution.

Range: [7.37714863015701e-05,0.0003877961754941596] contains 85.0% of the distribution.

Range: [3.254816802918351e-05,0.00042901949376654587] contains 95.0% of the distribution.

Range: [6.480481474586024e-06,0.00045508718032114307] contains 99.0% of the distribution.

Range: [0.0,0.0005138910313861647] contains 99.99% of the distribution.

Range: [0.0,0.0006062252687115688] contains 100% of the distribution.

###########################################

###### Info about Golden with num. bins: 228#######:

Mode of the sampling distribution: 0.00021076014086486935


Range: [0.00017301210235880142,0.000251653849246443] contains 25.0% of the distribution.

Range: [0.00013211839397722782,0.00029254755762801656] contains 50.0% of the distribution.

Range: [8.178767596913721e-05,0.00034287827563610717] contains 75.0% of the distribution.

Range: [5.347664708958626e-05,0.00037118930451565815] contains 85.0% of the distribution.

Range: [1.5728608583518316e-05,0.00040893734302172605] contains 95.0% of the distribution.

Range: [2.5920599000528455e-10,0.00042781136227476005] contains 99.0% of the distribution.

Range: [2.5920599000528455e-10,0.0005379098079174582] contains 99.99% of the distribution.

Range: [2.5920599000528455e-10,0.000717212990821281] contains 100% of the distribution.

###########################################

###### Info about Sampling with num. bins: 38#######:

Mode of the sampling distribution: 0.0002524209662624344


Range: [0.0002125788903772206,0.0003055437341093861] contains 25.0% of the distribution.

Range: [0.0001594561225302689,0.00035866650195633777] contains 50.0% of the distribution.

Range: [0.0001063333546833172,0.0004117892698032895] contains 75.0% of the distribution.

Range: [6.649127879810342e-05,0.00045163134568850324] contains 85.0% of the distribution.

Range: [2.664920291288964e-05,0.000491473421573717] contains 95.0% of the distribution.

Range: [8.78189894137904e-08,0.000504754113535455] contains 99.0% of the distribution.

Range: [8.78189894137904e-08,0.000504754113535455] contains 99.99% of the distribution.

Range: [8.78189894137904e-08,0.000504754113535455] contains 100% of the distribution.

###########################################

###### Info about PM with num. bins: 122#######:

Mode of the sampling distribution: 0.00022360832083338254


Range: [0.00018385591066422032,0.00026832978227369004] contains 25.0% of the distribution.

Range: [0.00014410350049505813,0.00030808219244285223] contains 50.0% of the distribution.

Range: [9.441298778360536e-05,0.00035777270515430497] contains 75.0% of the distribution.

Range: [6.956773142787899e-05,0.00038261796151003134] contains 85.0% of the distribution.

Range: [2.981532125871678e-05,0.0004223703716791936] contains 95.0% of the distribution.

Range: [4.970064902990402e-06,0.00044721562803491996] contains 99.0% of the distribution.

Range: [1.0136318451259285e-09,0.0005167823458309539] contains 99.99% of the distribution.

Range: [1.0136318451259285e-09,0.0006062252687115688] contains 100% of the distribution.

###########################################

##### DISTANCE MEASURES ######

Measure Distances Abs error
Variational Distance - Golden -> DistrPM : 484.6075440204736
Variational Distance - Golden -> PM : 1586.0105788334615
Variational Distance - Golden -> Sampling : 1586.0105788334615
AVG Variational Distance - Golden -> DistrPM : 109.8837424672841
AVG Variational Distance - Golden -> PM : 115.29076316168545
AVG Variational Distance - Golden -> Sampling : 63.155682810670875
KL Distance - Golden -> DistrPM : inf
KL Distance - Golden -> PM : inf
KL Distance - Golden -> Sampling : inf
WSS Distance - Golden -> DistrPM : 97.66403100264873
WSS Distance - Golden -> PM : 103.68092116194775
WSS Distance - Golden -> Sampling : 34.561500260649176
##################################