Execution Time:10.341195821762085s 

###### Info about CDF Range Analysis with PAF with gap using INV CDF #######:

Starting range analysis from: 0.0 


Range: [0.0,0.2500000000177038] contains 25.0% of the distribution.

Range: [0.0,0.5209854924572218] contains 50.0% of the distribution.

Range: [0.0,999.7494986535423] contains 75.0% of the distribution.

Range: [0.0,999.8496989754829] contains 85.0% of the distribution.

Range: [0.0,999.9498997231245] contains 95.0% of the distribution.

Range: [0.0,999.989980259071] contains 99.0% of the distribution.

Range: [0.0,999.9998995500973] contains 99.99% of the distribution.

Range: [0.0,1000.0000596046448] contains 100% of the distribution.

###########################################

##### DISTANCE MEASURES ######

CDF Range Analysis with Sampling model with num. bins: 20
Variational Distance - Golden -> paf : 5.85183719020721e-05
Variational Distance - Golden -> Sampling : 0.5001003579922418
AVG Variational Distance - Golden -> paf : 5.449360572446092e-05
AVG Variational Distance - Golden -> Sampling : 0.026615405045879614
KL Distance - Golden -> paf : 1.5970161615405017e-10
KL Distance - Golden -> Sampling : inf
WSS Distance - Golden -> paf : 5.449360572446093e-05
WSS Distance - Golden -> Sampling : 0.026615405045879607
##################################

