Execution Time:145.13723230361938s 

###### Info about PDF Range Analysis with FPPM with gaps: 1000#######:

Starting range analysis from: 99.92437745712982


Range: [-357.048596569872,556.8973514841309] contains 25.0% of the distribution.

Range: [-843.9870115166759,1043.835766430935] contains 50.0% of the distribution.

Range: [-1435.8044696827976,1635.6532245970595] contains 75.0% of the distribution.

Range: [-1765.424319800639,1965.273074714901] contains 85.0% of the distribution.

Range: [-2297.310896127148,2497.1596510414042] contains 95.0% of the distribution.

Range: [-2791.7406713038954,2991.5894262181514] contains 99.0% of the distribution.

Range: [-3376.066769240051,3575.915524154307] contains 99.99% of the distribution.

Range: [-3645.7561549665215,3845.604074984332] contains 100% of the distribution.

###########################################

##### DISTANCE MEASURES ######

PDF Measure Distances Range Analysis
Variational Distance - Golden -> DistrPM : 3.699762822816842e-06
Variational Distance - Golden -> PM : 1.2004317893810751e-05
Variational Distance - Golden -> Sampling : 1.6077506214737312e-05
AVG Variational Distance - Golden -> DistrPM : 9.014271965020271e-07
AVG Variational Distance - Golden -> PM : 2.486003220150193e-06
AVG Variational Distance - Golden -> Sampling : 3.0514903040267136e-06
KL Distance - Golden -> DistrPM : 5.3956221165145195e-05
KL Distance - Golden -> PM : inf
KL Distance - Golden -> Sampling : inf
WSS Distance - Golden -> DistrPM : 4.4481522268326825e-07
WSS Distance - Golden -> PM : 1.519871690514458e-06
WSS Distance - Golden -> Sampling : 1.670848534814096e-06
##################################

###### Info about PDF Error Analysis with FPPM#######:

Starting range analysis from: 0.0


Range: [0.0,3.165887055865828e-05] contains 25.0% of the distribution.

Range: [0.0,6.929111292083692e-05] contains 50.0% of the distribution.

Range: [0.0,0.00012544080787392934] contains 75.0% of the distribution.

Range: [0.0,0.00016247571305575626] contains 85.0% of the distribution.

Range: [0.0,0.00023296150033729783] contains 95.0% of the distribution.

Range: [0.0,0.0003207700658490453] contains 99.0% of the distribution.

Range: [0.0,0.0005280460674311998] contains 99.99% of the distribution.

Range: [0.0,0.0005973371803520422] contains 100% of the distribution.

###########################################

##### DISTANCE MEASURES ######

PDF Measure Distances Abs Error

Variational Distance - Golden -> DistrPM : 569.2967960961769
Variational Distance - Golden -> PM : 7959.1812779780375
Variational Distance - Golden -> Sampling : 7959.1812779780375
AVG Variational Distance - Golden -> DistrPM : 39.770774925977086
AVG Variational Distance - Golden -> PM : 57.87010741370772
AVG Variational Distance - Golden -> Sampling : 41.77184351894698
KL Distance - Golden -> DistrPM : inf
KL Distance - Golden -> PM : inf
KL Distance - Golden -> Sampling : inf
WSS Distance - Golden -> DistrPM : 39.241528064544674
WSS Distance - Golden -> PM : 47.322220587209195
WSS Distance - Golden -> Sampling : 24.719932265748344
##################################

