Execution Time:10.195484161376953s 

###### Info about Range Analysis on Round(distr) with 1000 bins#######:

Mode of the distribution: -0.9285434101444415


Range: [-1.2785434459072373,-0.5785433743816568] contains 25.0% of the distribution.

Range: [-1.4000001430511495,0.001056684841517005] contains 50.0% of the distribution.

Range: [-1.4000001430511495,0.7010567563670888] contains 75.0% of the distribution.

Range: [-1.4000001430511495,0.9810567849773165] contains 85.0% of the distribution.

Range: [-1.4000001430511495,1.2610568135875546] contains 95.0% of the distribution.

Range: [-1.4000001430511495,1.3730568250316502] contains 99.0% of the distribution.

Range: [-1.4000001430511495,1.4000001430511495] contains 99.99% of the distribution.

Range: [-1.4000001430511495,1.4000001430511495] contains 100% of the distribution.

###########################################

##### DISTANCE MEASURES ######

Measure Distances Range Analysis
Variational Distance - Golden -> DistrPM : 0.22084328620635288
Variational Distance - Golden -> PM : 0.3566255178687227
Variational Distance - Golden -> Sampling : 0.3566255178687227
AVG Variational Distance - Golden -> DistrPM : 0.001452643826527744
AVG Variational Distance - Golden -> PM : 0.005935376523127518
AVG Variational Distance - Golden -> Sampling : 0.007368346778944212
KL Distance - Golden -> DistrPM : 0.0009990274373817692
KL Distance - Golden -> PM : inf
KL Distance - Golden -> Sampling : inf
WSS Distance - Golden -> DistrPM : 0.001436626764187699
WSS Distance - Golden -> PM : 0.004998775005553037
WSS Distance - Golden -> Sampling : 0.0064603468168061475
######################################## Info about Abs Error Distribution#######:

Mode of the distribution: 6.94282673218964e-17


Range: [0.0,5.003839951873065e-09] contains 25.0% of the distribution.

Range: [0.0,1.451113572851815e-08] contains 50.0% of the distribution.

Range: [0.0,3.1690985991578585e-08] contains 75.0% of the distribution.

Range: [0.0,4.420058569769077e-08] contains 85.0% of the distribution.

Range: [0.0,6.87194011216703e-08] contains 95.0% of the distribution.

Range: [0.0,9.74080831143531e-08] contains 99.0% of the distribution.

Range: [0.0,1.4661250862506127e-07] contains 99.99% of the distribution.

Range: [0.0,1.667946627481598e-07] contains 100% of the distribution.

###########################################

###### Info about Golden with num. bins: 736#######:

Mode of the sampling distribution: 2.220446049250313e-16


Range: [2.220446049250313e-16,5.231601057558058e-09] contains 25.0% of the distribution.

Range: [2.220446049250313e-16,1.4771579051729648e-08] contains 50.0% of the distribution.

Range: [2.220446049250313e-16,3.1851217073552984e-08] contains 75.0% of the distribution.

Range: [2.220446049250313e-16,4.385312487267208e-08] contains 85.0% of the distribution.

Range: [2.220446049250313e-16,6.616436373000886e-08] contains 95.0% of the distribution.

Range: [2.220446049250313e-16,9.278397974600379e-08] contains 99.0% of the distribution.

Range: [2.220446049250313e-16,1.1309490063682072e-07] contains 99.99% of the distribution.

Range: [2.220446049250313e-16,1.1324877124962995e-07] contains 100% of the distribution.

###########################################

###### Info about Sampling with num. bins: 106#######:

Mode of the sampling distribution: 1.2434497875801753e-14


Range: [1.2434497875801753e-14,5.340690302999676e-09] contains 25.0% of the distribution.

Range: [1.2434497875801753e-14,1.4953910466302917e-08] contains 50.0% of the distribution.

Range: [1.2434497875801753e-14,3.204407964550868e-08] contains 75.0% of the distribution.

Range: [1.2434497875801753e-14,4.379357095621264e-08] contains 85.0% of the distribution.

Range: [1.2434497875801753e-14,6.62244180039202e-08] contains 95.0% of the distribution.

Range: [1.2434497875801753e-14,9.292780734642921e-08] contains 99.0% of the distribution.

Range: [1.2434497875801753e-14,1.1322238324673606e-07] contains 99.99% of the distribution.

Range: [1.2434497875801753e-14,1.1322238324673606e-07] contains 100% of the distribution.

###########################################

###### Info about PM with num. bins: 198#######:

Mode of the sampling distribution: 8.026274991043778e-15


Range: [8.026274991043778e-15,5.8967887487658675e-09] contains 25.0% of the distribution.

Range: [8.026274991043778e-15,1.5163158455537246e-08] contains 50.0% of the distribution.

Range: [8.026274991043778e-15,3.201110337693975e-08] contains 75.0% of the distribution.

Range: [8.026274991043778e-15,4.464706206799163e-08] contains 85.0% of the distribution.

Range: [8.026274991043778e-15,6.823418495795513e-08] contains 95.0% of the distribution.

Range: [8.026274991043778e-15,9.687569132433939e-08] contains 99.0% of the distribution.

Range: [8.026274991043778e-15,1.474195260885469e-07] contains 99.99% of the distribution.

Range: [8.026274991043778e-15,1.667946627481598e-07] contains 100% of the distribution.

###########################################

##### DISTANCE MEASURES ######

Measure Distances Abs error
Variational Distance - Golden -> DistrPM : 38331838.09277318
Variational Distance - Golden -> PM : 99205439.26334415
Variational Distance - Golden -> Sampling : 99205439.26334415
AVG Variational Distance - Golden -> DistrPM : 628080.0266285472
AVG Variational Distance - Golden -> PM : 560610.8362017602
AVG Variational Distance - Golden -> Sampling : 475234.7705223838
KL Distance - Golden -> DistrPM : 0.005925995685549411
KL Distance - Golden -> PM : inf
KL Distance - Golden -> Sampling : inf
WSS Distance - Golden -> DistrPM : 613794.8758039199
WSS Distance - Golden -> PM : 426160.4629830383
WSS Distance - Golden -> Sampling : 339100.5885109825
##################################