Execution Time:14.538406610488892s 

###### Info about  CDF Range Analysis with FPPM #######:

Starting range analysis from: -1.4000001430511495


Range: [-1.4000001430511495,-0.697200071239462] contains 25.0% of the distribution.

Range: [-1.4000001430511495,7.446300520630444e-15] contains 50.0% of the distribution.

Range: [-1.4000001430511495,0.7000000715255792] contains 75.0% of the distribution.

Range: [-1.4000001430511495,0.980000100135807] contains 85.0% of the distribution.

Range: [-1.4000001430511495,1.260000128746045] contains 95.0% of the distribution.

Range: [-1.4000001430511495,1.3720001401901405] contains 99.0% of the distribution.

Range: [-1.4000001430511495,1.4000001430511495] contains 99.99% of the distribution.

Range: [-1.4000001430511495,1.4000001430511495] contains 100% of the distribution.

###########################################

##### DISTANCE MEASURES ######

CDF Measure Distances Range Analysis
Variational Distance - Golden -> DistrPM : 0.002551171100534433
Variational Distance - Golden -> PM : 0.013572519576109277
Variational Distance - Golden -> Sampling : 0.01734808726409498
AVG Variational Distance - Golden -> DistrPM : 0.0024724055713719792
AVG Variational Distance - Golden -> PM : 0.005181892100023293
AVG Variational Distance - Golden -> Sampling : 0.0075199743383089
KL Distance - Golden -> DistrPM : 0.00016686256233736574
KL Distance - Golden -> PM : inf
KL Distance - Golden -> Sampling : inf
WSS Distance - Golden -> DistrPM : 0.002472405571371979
WSS Distance - Golden -> PM : 0.005181892100023292
WSS Distance - Golden -> Sampling : 0.007519974338308902
##################################

###### Info about CDF Error Analysis with FPPM#######:

Starting range analysis from: 0.0


Range: [0.0,5.392102927714863e-09] contains 25.0% of the distribution.

Range: [0.0,1.482828305121589e-08] contains 50.0% of the distribution.

Range: [0.0,3.1678604700324864e-08] contains 75.0% of the distribution.

Range: [0.0,4.364233307119224e-08] contains 85.0% of the distribution.

Range: [0.0,6.756978981292698e-08] contains 95.0% of the distribution.

Range: [0.0,9.604683339992116e-08] contains 99.0% of the distribution.

Range: [0.0,1.4036317933707775e-07] contains 99.99% of the distribution.

Range: [0.0,1.6850321649108935e-07] contains 100% of the distribution.

###########################################

##### DISTANCE MEASURES ######

Measure Distances Abs Error Analysis


Variational Distance - Golden -> DistrPM : 0.02676567821703499
Variational Distance - Golden -> PM : 0.038104791181116024
Variational Distance - Golden -> Sampling : 0.0478409920609499
AVG Variational Distance - Golden -> DistrPM : 0.0036233257679570484
AVG Variational Distance - Golden -> PM : 0.0046943006117615566
AVG Variational Distance - Golden -> Sampling : 0.0034399521537871068
KL Distance - Golden -> DistrPM : inf
KL Distance - Golden -> PM : inf
KL Distance - Golden -> Sampling : inf
WSS Distance - Golden -> DistrPM : 0.003623325767957049
WSS Distance - Golden -> PM : 0.0046943006117615566
WSS Distance - Golden -> Sampling : 0.0034399521537871063
##################################

